<?xml version="1.0" encoding="UTF-8"?>
<coverage generated="1782652809632" clover="3.2.0">
  <project timestamp="1782652809632" name="All files">
    <metrics statements="453" coveredstatements="416" conditionals="325" coveredconditionals="285" methods="45" coveredmethods="43" elements="823" coveredelements="744" complexity="0" loc="453" ncloc="453" packages="2" files="2" classes="2"/>
    <package name="app">
      <metrics statements="140" coveredstatements="140" conditionals="173" coveredconditionals="166" methods="17" coveredmethods="17"/>
      <file name="auth.tsx" path="/Users/kayrabali/Desktop/projects/Motus/src/app/auth.tsx">
        <metrics statements="140" coveredstatements="140" conditionals="173" coveredconditionals="166" methods="17" coveredmethods="17"/>
        <line num="22" count="1" type="stmt"/>
        <line num="24" count="1" type="stmt"/>
        <line num="40" count="233" type="stmt"/>
        <line num="42" count="233" type="cond" truecount="4" falsecount="0"/>
        <line num="43" count="233" type="stmt"/>
        <line num="45" count="233" type="stmt"/>
        <line num="63" count="6" type="stmt"/>
        <line num="64" count="6" type="cond" truecount="2" falsecount="0"/>
        <line num="67" count="6" type="stmt"/>
        <line num="68" count="6" type="cond" truecount="2" falsecount="0"/>
        <line num="79" count="129" type="stmt"/>
        <line num="91" count="129" type="stmt"/>
        <line num="93" count="129" type="stmt"/>
        <line num="94" count="129" type="stmt"/>
        <line num="95" count="129" type="stmt"/>
        <line num="98" count="129" type="stmt"/>
        <line num="99" count="129" type="stmt"/>
        <line num="100" count="129" type="stmt"/>
        <line num="101" count="129" type="stmt"/>
        <line num="102" count="129" type="stmt"/>
        <line num="105" count="129" type="stmt"/>
        <line num="106" count="129" type="stmt"/>
        <line num="107" count="129" type="stmt"/>
        <line num="109" count="129" type="stmt"/>
        <line num="110" count="129" type="stmt"/>
        <line num="111" count="129" type="stmt"/>
        <line num="114" count="129" type="stmt"/>
        <line num="119" count="129" type="stmt"/>
        <line num="120" count="30" type="stmt"/>
        <line num="123" count="129" type="stmt"/>
        <line num="125" count="31" type="cond" truecount="2" falsecount="0"/>
        <line num="126" count="1" type="stmt"/>
        <line num="130" count="129" type="stmt"/>
        <line num="131" count="30" type="cond" truecount="2" falsecount="0"/>
        <line num="132" count="2" type="cond" truecount="2" falsecount="0"/>
        <line num="133" count="2" type="cond" truecount="2" falsecount="0"/>
        <line num="134" count="1" type="stmt"/>
        <line num="135" count="1" type="stmt"/>
        <line num="136" count="1" type="stmt"/>
        <line num="137" count="1" type="cond" truecount="1" falsecount="1"/>
        <line num="138" count="1" type="stmt"/>
        <line num="142" count="1" type="stmt"/>
        <line num="147" count="129" type="stmt"/>
        <line num="148" count="2" type="stmt"/>
        <line num="149" count="2" type="stmt"/>
        <line num="150" count="2" type="stmt"/>
        <line num="152" count="1" type="cond" truecount="1" falsecount="1"/>
        <line num="156" count="129" type="stmt"/>
        <line num="157" count="4" type="stmt"/>
        <line num="158" count="4" type="stmt"/>
        <line num="159" count="4" type="stmt"/>
        <line num="160" count="4" type="stmt"/>
        <line num="167" count="2" type="cond" truecount="2" falsecount="0"/>
        <line num="168" count="1" type="stmt"/>
        <line num="169" count="1" type="cond" truecount="1" falsecount="1"/>
        <line num="170" count="1" type="stmt"/>
        <line num="171" count="1" type="cond" truecount="1" falsecount="1"/>
        <line num="172" count="1" type="cond" truecount="1" falsecount="1"/>
        <line num="176" count="1" type="stmt"/>
        <line num="177" count="1" type="stmt"/>
        <line num="178" count="1" type="cond" truecount="1" falsecount="1"/>
        <line num="179" count="1" type="stmt"/>
        <line num="182" count="1" type="stmt"/>
        <line num="183" count="1" type="stmt"/>
        <line num="186" count="2" type="stmt"/>
        <line num="187" count="2" type="cond" truecount="2" falsecount="0"/>
        <line num="188" count="1" type="stmt"/>
        <line num="190" count="1" type="cond" truecount="1" falsecount="1"/>
        <line num="194" count="129" type="stmt"/>
        <line num="196" count="53" type="cond" truecount="2" falsecount="0"/>
        <line num="197" count="30" type="stmt"/>
        <line num="198" count="30" type="stmt"/>
        <line num="200" count="23" type="stmt"/>
        <line num="201" count="23" type="stmt"/>
        <line num="202" count="23" type="stmt"/>
        <line num="203" count="23" type="stmt"/>
        <line num="206" count="129" type="stmt"/>
        <line num="207" count="8" type="stmt"/>
        <line num="208" count="8" type="stmt"/>
        <line num="209" count="8" type="stmt"/>
        <line num="211" count="8" type="cond" truecount="2" falsecount="0"/>
        <line num="212" count="1" type="stmt"/>
        <line num="213" count="1" type="stmt"/>
        <line num="216" count="7" type="cond" truecount="2" falsecount="0"/>
        <line num="217" count="3" type="cond" truecount="2" falsecount="0"/>
        <line num="218" count="1" type="stmt"/>
        <line num="219" count="1" type="stmt"/>
        <line num="221" count="2" type="stmt"/>
        <line num="222" count="2" type="cond" truecount="2" falsecount="0"/>
        <line num="223" count="1" type="stmt"/>
        <line num="226" count="4" type="cond" truecount="2" falsecount="0"/>
        <line num="227" count="1" type="stmt"/>
        <line num="228" count="1" type="stmt"/>
        <line num="230" count="3" type="cond" truecount="4" falsecount="0"/>
        <line num="231" count="3" type="cond" truecount="2" falsecount="0"/>
        <line num="232" count="1" type="stmt"/>
        <line num="233" count="1" type="stmt"/>
        <line num="235" count="2" type="stmt"/>
        <line num="236" count="2" type="cond" truecount="2" falsecount="0"/>
        <line num="237" count="1" type="stmt"/>
        <line num="242" count="129" type="stmt"/>
        <line num="243" count="8" type="stmt"/>
        <line num="244" count="8" type="stmt"/>
        <line num="245" count="8" type="stmt"/>
        <line num="247" count="8" type="cond" truecount="2" falsecount="0"/>
        <line num="248" count="1" type="stmt"/>
        <line num="249" count="1" type="stmt"/>
        <line num="252" count="7" type="stmt"/>
        <line num="253" count="7" type="cond" truecount="2" falsecount="0"/>
        <line num="254" count="6" type="stmt"/>
        <line num="255" count="6" type="stmt"/>
        <line num="256" count="6" type="stmt"/>
        <line num="257" count="6" type="stmt"/>
        <line num="261" count="129" type="stmt"/>
        <line num="262" count="5" type="stmt"/>
        <line num="263" count="5" type="stmt"/>
        <line num="264" count="5" type="stmt"/>
        <line num="266" count="5" type="cond" truecount="2" falsecount="0"/>
        <line num="267" count="1" type="stmt"/>
        <line num="268" count="1" type="stmt"/>
        <line num="270" count="4" type="cond" truecount="4" falsecount="0"/>
        <line num="271" count="2" type="stmt"/>
        <line num="272" count="2" type="stmt"/>
        <line num="275" count="2" type="stmt"/>
        <line num="276" count="2" type="cond" truecount="2" falsecount="0"/>
        <line num="277" count="1" type="stmt"/>
        <line num="278" count="1" type="stmt"/>
        <line num="279" count="1" type="stmt"/>
        <line num="280" count="1" type="stmt"/>
        <line num="281" count="1" type="stmt"/>
        <line num="282" count="1" type="stmt"/>
        <line num="283" count="1" type="stmt"/>
        <line num="287" count="129" type="cond" truecount="2" falsecount="0"/>
        <line num="289" count="129" type="stmt"/>
        <line num="448" count="9" type="stmt"/>
        <line num="531" count="1" type="stmt"/>
        <line num="532" count="1" type="stmt"/>
        <line num="533" count="1" type="stmt"/>
        <line num="546" count="6" type="stmt"/>
        <line num="559" count="1" type="stmt"/>
      </file>
    </package>
    <package name="store">
      <metrics statements="313" coveredstatements="276" conditionals="152" coveredconditionals="119" methods="28" coveredmethods="26"/>
      <file name="useStore.ts" path="/Users/kayrabali/Desktop/projects/Motus/src/store/useStore.ts">
        <metrics statements="313" coveredstatements="276" conditionals="152" coveredconditionals="119" methods="28" coveredmethods="26"/>
        <line num="6" count="1" type="stmt"/>
        <line num="16" count="1" type="stmt"/>
        <line num="92" count="1" type="stmt"/>
        <line num="114" count="1" type="stmt"/>
        <line num="115" count="1" type="stmt"/>
        <line num="119" count="1" type="stmt"/>
        <line num="120" count="1" type="stmt"/>
        <line num="124" count="2" type="stmt"/>
        <line num="125" count="2" type="cond" truecount="2" falsecount="0"/>
        <line num="129" count="1" type="stmt"/>
        <line num="130" count="1" type="cond" truecount="1" falsecount="1"/>
        <line num="134" count="2" type="stmt"/>
        <line num="135" count="2" type="cond" truecount="2" falsecount="0"/>
        <line num="136" count="1" type="stmt"/>
        <line num="138" count="1" type="stmt"/>
        <line num="143" count="1" type="stmt"/>
        <line num="147" count="11" type="stmt"/>
        <line num="148" count="11" type="cond" truecount="2" falsecount="0"/>
        <line num="149" count="11" type="stmt"/>
        <line num="154" count="5" type="stmt"/>
        <line num="155" count="5" type="stmt"/>
        <line num="156" count="5" type="stmt"/>
        <line num="161" count="3" type="stmt"/>
        <line num="162" count="3" type="cond" truecount="2" falsecount="0"/>
        <line num="163" count="2" type="cond" truecount="2" falsecount="0"/>
        <line num="166" count="1" type="stmt"/>
        <line num="167" count="1" type="stmt"/>
        <line num="168" count="1" type="stmt"/>
        <line num="169" count="1" type="stmt"/>
        <line num="170" count="1" type="cond" truecount="1" falsecount="1"/>
        <line num="172" count="0" type="stmt"/>
        <line num="176" count="1" type="stmt"/>
        <line num="177" count="1" type="stmt"/>
        <line num="179" count="4" type="cond" truecount="2" falsecount="0"/>
        <line num="180" count="4" type="stmt"/>
        <line num="185" count="5" type="stmt"/>
        <line num="186" count="5" type="stmt"/>
        <line num="187" count="5" type="stmt"/>
        <line num="192" count="3" type="stmt"/>
        <line num="193" count="3" type="cond" truecount="2" falsecount="0"/>
        <line num="194" count="2" type="cond" truecount="2" falsecount="0"/>
        <line num="197" count="1" type="stmt"/>
        <line num="198" count="1" type="stmt"/>
        <line num="199" count="1" type="stmt"/>
        <line num="200" count="1" type="stmt"/>
        <line num="201" count="1" type="cond" truecount="1" falsecount="1"/>
        <line num="203" count="0" type="stmt"/>
        <line num="207" count="1" type="stmt"/>
        <line num="208" count="1" type="stmt"/>
        <line num="210" count="4" type="cond" truecount="2" falsecount="0"/>
        <line num="211" count="4" type="stmt"/>
        <line num="216" count="4" type="stmt"/>
        <line num="217" count="4" type="stmt"/>
        <line num="218" count="4" type="stmt"/>
        <line num="223" count="3" type="stmt"/>
        <line num="224" count="3" type="cond" truecount="2" falsecount="0"/>
        <line num="225" count="2" type="cond" truecount="2" falsecount="0"/>
        <line num="228" count="1" type="stmt"/>
        <line num="229" count="1" type="stmt"/>
        <line num="230" count="1" type="stmt"/>
        <line num="231" count="1" type="stmt"/>
        <line num="232" count="1" type="cond" truecount="1" falsecount="1"/>
        <line num="234" count="0" type="stmt"/>
        <line num="237" count="1" type="stmt"/>
        <line num="238" count="1" type="stmt"/>
        <line num="240" count="3" type="cond" truecount="1" falsecount="1"/>
        <line num="241" count="3" type="stmt"/>
        <line num="246" count="4" type="stmt"/>
        <line num="247" count="4" type="stmt"/>
        <line num="248" count="4" type="stmt"/>
        <line num="253" count="3" type="stmt"/>
        <line num="254" count="3" type="cond" truecount="2" falsecount="0"/>
        <line num="255" count="2" type="cond" truecount="2" falsecount="0"/>
        <line num="258" count="1" type="stmt"/>
        <line num="259" count="1" type="stmt"/>
        <line num="260" count="1" type="stmt"/>
        <line num="261" count="1" type="stmt"/>
        <line num="262" count="1" type="cond" truecount="1" falsecount="1"/>
        <line num="264" count="0" type="stmt"/>
        <line num="267" count="1" type="stmt"/>
        <line num="268" count="1" type="stmt"/>
        <line num="270" count="3" type="cond" truecount="1" falsecount="1"/>
        <line num="271" count="3" type="stmt"/>
        <line num="276" count="6" type="stmt"/>
        <line num="277" count="6" type="stmt"/>
        <line num="278" count="6" type="stmt"/>
        <line num="283" count="4" type="stmt"/>
        <line num="284" count="4" type="cond" truecount="2" falsecount="0"/>
        <line num="285" count="2" type="cond" truecount="2" falsecount="0"/>
        <line num="287" count="2" type="stmt"/>
        <line num="288" count="2" type="cond" truecount="2" falsecount="0"/>
        <line num="290" count="4" type="cond" truecount="2" falsecount="0"/>
        <line num="291" count="4" type="stmt"/>
        <line num="296" count="5" type="stmt"/>
        <line num="297" count="5" type="stmt"/>
        <line num="298" count="5" type="stmt"/>
        <line num="303" count="3" type="stmt"/>
        <line num="304" count="3" type="cond" truecount="2" falsecount="0"/>
        <line num="305" count="2" type="cond" truecount="2" falsecount="0"/>
        <line num="307" count="1" type="stmt"/>
        <line num="308" count="1" type="stmt"/>
        <line num="310" count="4" type="cond" truecount="2" falsecount="0"/>
        <line num="311" count="4" type="stmt"/>
        <line num="316" count="4" type="stmt"/>
        <line num="317" count="4" type="cond" truecount="2" falsecount="0"/>
        <line num="318" count="3" type="stmt"/>
        <line num="319" count="3" type="stmt"/>
        <line num="327" count="2" type="stmt"/>
        <line num="328" count="2" type="cond" truecount="2" falsecount="0"/>
        <line num="329" count="1" type="stmt"/>
        <line num="330" count="1" type="stmt"/>
        <line num="331" count="1" type="stmt"/>
        <line num="333" count="1" type="stmt"/>
        <line num="335" count="1" type="stmt"/>
        <line num="336" count="1" type="stmt"/>
        <line num="341" count="0" type="stmt"/>
        <line num="342" count="0" type="cond" truecount="0" falsecount="2"/>
        <line num="343" count="0" type="stmt"/>
        <line num="344" count="0" type="stmt"/>
        <line num="352" count="0" type="stmt"/>
        <line num="353" count="0" type="cond" truecount="0" falsecount="2"/>
        <line num="354" count="0" type="stmt"/>
        <line num="355" count="0" type="stmt"/>
        <line num="356" count="0" type="stmt"/>
        <line num="358" count="0" type="stmt"/>
        <line num="360" count="0" type="stmt"/>
        <line num="361" count="0" type="stmt"/>
        <line num="366" count="1" type="stmt"/>
        <line num="375" count="1" type="stmt"/>
        <line num="376" count="1" type="stmt"/>
        <line num="377" count="1" type="stmt"/>
        <line num="378" count="1" type="stmt"/>
        <line num="379" count="1" type="stmt"/>
        <line num="380" count="1" type="stmt"/>
        <line num="381" count="1" type="stmt"/>
        <line num="382" count="1" type="stmt"/>
        <line num="383" count="1" type="stmt"/>
        <line num="385" count="0" type="stmt"/>
        <line num="390" count="0" type="stmt"/>
        <line num="391" count="0" type="cond" truecount="0" falsecount="2"/>
        <line num="392" count="0" type="stmt"/>
        <line num="393" count="0" type="stmt"/>
        <line num="394" count="0" type="stmt"/>
        <line num="396" count="0" type="stmt"/>
        <line num="397" count="0" type="stmt"/>
        <line num="398" count="0" type="stmt"/>
        <line num="400" count="0" type="stmt"/>
        <line num="401" count="0" type="stmt"/>
        <line num="403" count="0" type="stmt"/>
        <line num="408" count="1" type="stmt"/>
        <line num="413" count="7" type="stmt"/>
        <line num="416" count="7" type="stmt"/>
        <line num="417" count="7" type="stmt"/>
        <line num="418" count="7" type="stmt"/>
        <line num="419" count="7" type="stmt"/>
        <line num="420" count="6" type="cond" truecount="1" falsecount="1"/>
        <line num="421" count="0" type="stmt"/>
        <line num="424" count="1" type="stmt"/>
        <line num="427" count="7" type="stmt"/>
        <line num="435" count="7" type="cond" truecount="1" falsecount="1"/>
        <line num="436" count="7" type="stmt"/>
        <line num="438" count="7" type="stmt"/>
        <line num="448" count="7" type="stmt"/>
        <line num="449" count="7" type="stmt"/>
        <line num="450" count="7" type="cond" truecount="1" falsecount="1"/>
        <line num="451" count="7" type="stmt"/>
        <line num="454" count="7" type="stmt"/>
        <line num="455" count="7" type="cond" truecount="2" falsecount="0"/>
        <line num="456" count="6" type="stmt"/>
        <line num="457" count="6" type="stmt"/>
        <line num="458" count="6" type="cond" truecount="1" falsecount="1"/>
        <line num="459" count="6" type="stmt"/>
        <line num="460" count="6" type="stmt"/>
        <line num="462" count="6" type="stmt"/>
        <line num="463" count="6" type="stmt"/>
        <line num="464" count="18" type="stmt"/>
        <line num="465" count="18" type="stmt"/>
        <line num="467" count="18" type="stmt"/>
        <line num="468" count="18" type="stmt"/>
        <line num="469" count="126" type="stmt"/>
        <line num="470" count="126" type="stmt"/>
        <line num="471" count="126" type="stmt"/>
        <line num="472" count="126" type="stmt"/>
        <line num="473" count="126" type="stmt"/>
        <line num="479" count="18" type="stmt"/>
        <line num="481" count="6" type="stmt"/>
        <line num="485" count="7" type="cond" truecount="1" falsecount="1"/>
        <line num="486" count="7" type="stmt"/>
        <line num="487" count="7" type="stmt"/>
        <line num="488" count="7" type="stmt"/>
        <line num="489" count="7" type="stmt"/>
        <line num="490" count="49" type="stmt"/>
        <line num="491" count="7" type="cond" truecount="1" falsecount="1"/>
        <line num="492" count="0" type="stmt"/>
        <line num="496" count="0" type="stmt"/>
        <line num="501" count="7" type="stmt"/>
        <line num="510" count="7" type="stmt"/>
        <line num="511" count="7" type="stmt"/>
        <line num="512" count="6" type="stmt"/>
        <line num="513" count="6" type="stmt"/>
        <line num="514" count="6" type="stmt"/>
        <line num="515" count="6" type="stmt"/>
        <line num="517" count="6" type="stmt"/>
        <line num="518" count="6" type="stmt"/>
        <line num="519" count="6" type="stmt"/>
        <line num="521" count="1" type="stmt"/>
        <line num="525" count="7" type="cond" truecount="2" falsecount="0"/>
        <line num="527" count="6" type="stmt"/>
        <line num="528" count="6" type="stmt"/>
        <line num="536" count="5" type="cond" truecount="2" falsecount="0"/>
        <line num="537" count="4" type="stmt"/>
        <line num="540" count="1" type="stmt"/>
        <line num="545" count="13" type="stmt"/>
        <line num="546" count="13" type="cond" truecount="2" falsecount="0"/>
        <line num="548" count="12" type="stmt"/>
        <line num="549" count="12" type="stmt"/>
        <line num="550" count="12" type="stmt"/>
        <line num="551" count="12" type="stmt"/>
        <line num="553" count="12" type="stmt"/>
        <line num="557" count="11" type="cond" truecount="2" falsecount="0"/>
        <line num="558" count="10" type="stmt"/>
        <line num="559" count="10" type="cond" truecount="2" falsecount="0"/>
        <line num="561" count="10" type="stmt"/>
        <line num="562" count="10" type="stmt"/>
        <line num="565" count="10" type="cond" truecount="2" falsecount="0"/>
        <line num="566" count="10" type="stmt"/>
        <line num="567" count="7" type="stmt"/>
        <line num="568" count="7" type="stmt"/>
        <line num="569" count="7" type="stmt"/>
        <line num="571" count="7" type="cond" truecount="4" falsecount="0"/>
        <line num="573" count="1" type="stmt"/>
        <line num="574" count="1" type="stmt"/>
        <line num="575" count="1" type="cond" truecount="1" falsecount="1"/>
        <line num="576" count="1" type="stmt"/>
        <line num="577" count="1" type="stmt"/>
        <line num="581" count="1" type="stmt"/>
        <line num="582" count="2" type="stmt"/>
        <line num="583" count="1" type="cond" truecount="1" falsecount="1"/>
        <line num="584" count="1" type="stmt"/>
        <line num="585" count="1" type="stmt"/>
        <line num="592" count="10" type="cond" truecount="2" falsecount="0"/>
        <line num="593" count="10" type="cond" truecount="2" falsecount="0"/>
        <line num="594" count="3" type="stmt"/>
        <line num="595" count="4" type="stmt"/>
        <line num="596" count="3" type="cond" truecount="2" falsecount="0"/>
        <line num="597" count="2" type="stmt"/>
        <line num="602" count="10" type="cond" truecount="2" falsecount="0"/>
        <line num="603" count="10" type="cond" truecount="2" falsecount="0"/>
        <line num="604" count="10" type="stmt"/>
        <line num="605" count="7" type="stmt"/>
        <line num="606" count="7" type="stmt"/>
        <line num="607" count="7" type="stmt"/>
        <line num="609" count="7" type="cond" truecount="2" falsecount="0"/>
        <line num="610" count="1" type="cond" truecount="1" falsecount="1"/>
        <line num="611" count="1" type="cond" truecount="1" falsecount="1"/>
        <line num="612" count="1" type="cond" truecount="1" falsecount="1"/>
        <line num="613" count="0" type="stmt"/>
        <line num="615" count="0" type="cond" truecount="0" falsecount="2"/>
        <line num="616" count="0" type="cond" truecount="0" falsecount="2"/>
        <line num="617" count="0" type="cond" truecount="0" falsecount="2"/>
        <line num="618" count="0" type="stmt"/>
        <line num="624" count="10" type="stmt"/>
        <line num="632" count="10" type="stmt"/>
        <line num="633" count="10" type="stmt"/>
        <line num="634" count="10" type="stmt"/>
        <line num="635" count="10" type="stmt"/>
        <line num="636" count="10" type="stmt"/>
        <line num="637" count="10" type="stmt"/>
        <line num="640" count="1" type="stmt"/>
        <line num="645" count="6" type="stmt"/>
        <line num="646" count="6" type="stmt"/>
        <line num="647" count="5" type="stmt"/>
        <line num="648" count="5" type="stmt"/>
        <line num="649" count="5" type="stmt"/>
        <line num="651" count="5" type="stmt"/>
        <line num="653" count="5" type="stmt"/>
        <line num="654" count="5" type="stmt"/>
        <line num="655" count="5" type="cond" truecount="2" falsecount="0"/>
        <line num="657" count="5" type="stmt"/>
        <line num="658" count="5" type="stmt"/>
        <line num="659" count="5" type="stmt"/>
        <line num="660" count="5" type="stmt"/>
        <line num="662" count="5" type="cond" truecount="2" falsecount="0"/>
        <line num="663" count="5" type="cond" truecount="2" falsecount="0"/>
        <line num="664" count="5" type="cond" truecount="2" falsecount="0"/>
        <line num="666" count="5" type="cond" truecount="2" falsecount="0"/>
        <line num="667" count="4" type="stmt"/>
        <line num="668" count="4" type="stmt"/>
        <line num="669" count="4" type="stmt"/>
        <line num="670" count="4" type="stmt"/>
        <line num="673" count="5" type="stmt"/>
        <line num="674" count="5" type="stmt"/>
        <line num="676" count="5" type="stmt"/>
        <line num="677" count="5" type="cond" truecount="2" falsecount="0"/>
        <line num="678" count="2" type="stmt"/>
        <line num="679" count="2" type="stmt"/>
        <line num="681" count="1" type="stmt"/>
        <line num="685" count="5" type="stmt"/>
        <line num="686" count="5" type="cond" truecount="2" falsecount="0"/>
        <line num="687" count="2" type="stmt"/>
        <line num="688" count="2" type="stmt"/>
        <line num="690" count="1" type="stmt"/>
        <line num="694" count="5" type="stmt"/>
        <line num="709" count="5" type="stmt"/>
        <line num="710" count="5" type="cond" truecount="2" falsecount="0"/>
        <line num="712" count="0" type="stmt"/>
        <line num="715" count="5" type="cond" truecount="2" falsecount="0"/>
        <line num="717" count="1" type="stmt"/>
        <line num="720" count="5" type="stmt"/>
        <line num="721" count="5" type="stmt"/>
        <line num="722" count="4" type="stmt"/>
        <line num="724" count="1" type="stmt"/>
        <line num="727" count="1" type="stmt"/>
      </file>
    </package>
  </project>
</coverage>
