{"/Users/kayrabali/Desktop/projects/Motus/src/app/auth.tsx": {"path":"/Users/kayrabali/Desktop/projects/Motus/src/app/auth.tsx","statementMap":{"0":{"start":{"line":21,"column":18},"end":{"line":21,"column":42}},"1":{"start":{"line":24,"column":17},"end":{"line":24,"column":28}},"2":{"start":{"line":25,"column":109},"end":{"line":25,"column":124}},"3":{"start":{"line":27,"column":32},"end":{"line":27,"column":46}},"4":{"start":{"line":28,"column":38},"end":{"line":28,"column":53}},"5":{"start":{"line":29,"column":36},"end":{"line":29,"column":51}},"6":{"start":{"line":32,"column":26},"end":{"line":32,"column":38}},"7":{"start":{"line":33,"column":28},"end":{"line":33,"column":40}},"8":{"start":{"line":34,"column":34},"end":{"line":34,"column":46}},"9":{"start":{"line":35,"column":36},"end":{"line":35,"column":48}},"10":{"start":{"line":36,"column":40},"end":{"line":36,"column":52}},"11":{"start":{"line":39,"column":42},"end":{"line":39,"column":71}},"12":{"start":{"line":40,"column":38},"end":{"line":40,"column":67}},"13":{"start":{"line":41,"column":46},"end":{"line":41,"column":75}},"14":{"start":{"line":42,"column":32},"end":{"line":42,"column":61}},"15":{"start":{"line":44,"column":2},"end":{"line":49,"column":14}},"16":{"start":{"line":46,"column":4},"end":{"line":48,"column":5}},"17":{"start":{"line":47,"column":6},"end":{"line":47,"column":32}},"18":{"start":{"line":51,"column":2},"end":{"line":57,"column":39}},"19":{"start":{"line":53,"column":4},"end":{"line":53,"column":21}},"20":{"start":{"line":54,"column":4},"end":{"line":54,"column":24}},"21":{"start":{"line":55,"column":4},"end":{"line":55,"column":28}},"22":{"start":{"line":56,"column":4},"end":{"line":56,"column":21}},"23":{"start":{"line":59,"column":21},"end":{"line":92,"column":3}},"24":{"start":{"line":60,"column":4},"end":{"line":60,"column":23}},"25":{"start":{"line":61,"column":4},"end":{"line":61,"column":24}},"26":{"start":{"line":62,"column":4},"end":{"line":62,"column":28}},"27":{"start":{"line":64,"column":4},"end":{"line":67,"column":5}},"28":{"start":{"line":65,"column":6},"end":{"line":65,"column":42}},"29":{"start":{"line":66,"column":6},"end":{"line":66,"column":13}},"30":{"start":{"line":69,"column":4},"end":{"line":91,"column":5}},"31":{"start":{"line":70,"column":6},"end":{"line":73,"column":7}},"32":{"start":{"line":71,"column":8},"end":{"line":71,"column":47}},"33":{"start":{"line":72,"column":8},"end":{"line":72,"column":15}},"34":{"start":{"line":74,"column":22},"end":{"line":74,"column":51}},"35":{"start":{"line":75,"column":6},"end":{"line":77,"column":7}},"36":{"start":{"line":76,"column":8},"end":{"line":76,"column":34}},"37":{"start":{"line":79,"column":6},"end":{"line":82,"column":7}},"38":{"start":{"line":80,"column":8},"end":{"line":80,"column":43}},"39":{"start":{"line":81,"column":8},"end":{"line":81,"column":15}},"40":{"start":{"line":83,"column":6},"end":{"line":86,"column":7}},"41":{"start":{"line":84,"column":8},"end":{"line":84,"column":65}},"42":{"start":{"line":85,"column":8},"end":{"line":85,"column":15}},"43":{"start":{"line":87,"column":22},"end":{"line":87,"column":57}},"44":{"start":{"line":88,"column":6},"end":{"line":90,"column":7}},"45":{"start":{"line":89,"column":8},"end":{"line":89,"column":34}},"46":{"start":{"line":94,"column":31},"end":{"line":111,"column":3}},"47":{"start":{"line":95,"column":4},"end":{"line":95,"column":23}},"48":{"start":{"line":96,"column":4},"end":{"line":96,"column":24}},"49":{"start":{"line":97,"column":4},"end":{"line":97,"column":28}},"50":{"start":{"line":99,"column":4},"end":{"line":102,"column":5}},"51":{"start":{"line":100,"column":6},"end":{"line":100,"column":60}},"52":{"start":{"line":101,"column":6},"end":{"line":101,"column":13}},"53":{"start":{"line":104,"column":17},"end":{"line":104,"column":46}},"54":{"start":{"line":105,"column":4},"end":{"line":110,"column":5}},"55":{"start":{"line":106,"column":6},"end":{"line":106,"column":23}},"56":{"start":{"line":107,"column":6},"end":{"line":107,"column":90}},"57":{"start":{"line":108,"column":6},"end":{"line":108,"column":27}},"58":{"start":{"line":109,"column":6},"end":{"line":109,"column":25}},"59":{"start":{"line":113,"column":30},"end":{"line":137,"column":3}},"60":{"start":{"line":114,"column":4},"end":{"line":114,"column":23}},"61":{"start":{"line":115,"column":4},"end":{"line":115,"column":24}},"62":{"start":{"line":116,"column":4},"end":{"line":116,"column":28}},"63":{"start":{"line":118,"column":4},"end":{"line":121,"column":5}},"64":{"start":{"line":119,"column":6},"end":{"line":119,"column":54}},"65":{"start":{"line":120,"column":6},"end":{"line":120,"column":13}},"66":{"start":{"line":122,"column":4},"end":{"line":125,"column":5}},"67":{"start":{"line":123,"column":6},"end":{"line":123,"column":67}},"68":{"start":{"line":124,"column":6},"end":{"line":124,"column":13}},"69":{"start":{"line":127,"column":20},"end":{"line":127,"column":70}},"70":{"start":{"line":128,"column":4},"end":{"line":136,"column":5}},"71":{"start":{"line":129,"column":6},"end":{"line":129,"column":74}},"72":{"start":{"line":130,"column":6},"end":{"line":130,"column":26}},"73":{"start":{"line":131,"column":6},"end":{"line":131,"column":23}},"74":{"start":{"line":132,"column":6},"end":{"line":132,"column":22}},"75":{"start":{"line":133,"column":6},"end":{"line":133,"column":25}},"76":{"start":{"line":134,"column":6},"end":{"line":134,"column":23}},"77":{"start":{"line":135,"column":6},"end":{"line":135,"column":23}},"78":{"start":{"line":139,"column":22},"end":{"line":139,"column":45}},"79":{"start":{"line":141,"column":2},"end":{"line":372,"column":4}},"80":{"start":{"line":202,"column":35},"end":{"line":202,"column":58}},"81":{"start":{"line":203,"column":34},"end":{"line":203,"column":55}},"82":{"start":{"line":225,"column":35},"end":{"line":225,"column":59}},"83":{"start":{"line":226,"column":34},"end":{"line":226,"column":55}},"84":{"start":{"line":249,"column":35},"end":{"line":249,"column":62}},"85":{"start":{"line":250,"column":34},"end":{"line":250,"column":55}},"86":{"start":{"line":272,"column":35},"end":{"line":272,"column":58}},"87":{"start":{"line":273,"column":34},"end":{"line":273,"column":55}},"88":{"start":{"line":296,"column":35},"end":{"line":296,"column":65}},"89":{"start":{"line":297,"column":34},"end":{"line":297,"column":55}},"90":{"start":{"line":310,"column":33},"end":{"line":310,"column":52}},"91":{"start":{"line":346,"column":16},"end":{"line":346,"column":37}},"92":{"start":{"line":347,"column":16},"end":{"line":347,"column":36}},"93":{"start":{"line":348,"column":16},"end":{"line":348,"column":33}},"94":{"start":{"line":361,"column":47},"end":{"line":361,"column":67}},"95":{"start":{"line":375,"column":15},"end":{"line":545,"column":2}}},"fnMap":{"0":{"name":"AuthScreen","decl":{"start":{"line":23,"column":24},"end":{"line":23,"column":34}},"loc":{"start":{"line":23,"column":37},"end":{"line":373,"column":1}},"line":23},"1":{"name":"(anonymous_1)","decl":{"start":{"line":44,"column":12},"end":{"line":44,"column":13}},"loc":{"start":{"line":44,"column":18},"end":{"line":49,"column":3}},"line":44},"2":{"name":"(anonymous_2)","decl":{"start":{"line":51,"column":12},"end":{"line":51,"column":13}},"loc":{"start":{"line":51,"column":18},"end":{"line":57,"column":3}},"line":51},"3":{"name":"(anonymous_3)","decl":{"start":{"line":59,"column":21},"end":{"line":59,"column":22}},"loc":{"start":{"line":59,"column":33},"end":{"line":92,"column":3}},"line":59},"4":{"name":"(anonymous_4)","decl":{"start":{"line":94,"column":31},"end":{"line":94,"column":32}},"loc":{"start":{"line":94,"column":43},"end":{"line":111,"column":3}},"line":94},"5":{"name":"(anonymous_5)","decl":{"start":{"line":113,"column":30},"end":{"line":113,"column":31}},"loc":{"start":{"line":113,"column":42},"end":{"line":137,"column":3}},"line":113},"6":{"name":"(anonymous_6)","decl":{"start":{"line":202,"column":29},"end":{"line":202,"column":30}},"loc":{"start":{"line":202,"column":35},"end":{"line":202,"column":58}},"line":202},"7":{"name":"(anonymous_7)","decl":{"start":{"line":203,"column":28},"end":{"line":203,"column":29}},"loc":{"start":{"line":203,"column":34},"end":{"line":203,"column":55}},"line":203},"8":{"name":"(anonymous_8)","decl":{"start":{"line":225,"column":29},"end":{"line":225,"column":30}},"loc":{"start":{"line":225,"column":35},"end":{"line":225,"column":59}},"line":225},"9":{"name":"(anonymous_9)","decl":{"start":{"line":226,"column":28},"end":{"line":226,"column":29}},"loc":{"start":{"line":226,"column":34},"end":{"line":226,"column":55}},"line":226},"10":{"name":"(anonymous_10)","decl":{"start":{"line":249,"column":29},"end":{"line":249,"column":30}},"loc":{"start":{"line":249,"column":35},"end":{"line":249,"column":62}},"line":249},"11":{"name":"(anonymous_11)","decl":{"start":{"line":250,"column":28},"end":{"line":250,"column":29}},"loc":{"start":{"line":250,"column":34},"end":{"line":250,"column":55}},"line":250},"12":{"name":"(anonymous_12)","decl":{"start":{"line":272,"column":29},"end":{"line":272,"column":30}},"loc":{"start":{"line":272,"column":35},"end":{"line":272,"column":58}},"line":272},"13":{"name":"(anonymous_13)","decl":{"start":{"line":273,"column":28},"end":{"line":273,"column":29}},"loc":{"start":{"line":273,"column":34},"end":{"line":273,"column":55}},"line":273},"14":{"name":"(anonymous_14)","decl":{"start":{"line":296,"column":29},"end":{"line":296,"column":30}},"loc":{"start":{"line":296,"column":35},"end":{"line":296,"column":65}},"line":296},"15":{"name":"(anonymous_15)","decl":{"start":{"line":297,"column":28},"end":{"line":297,"column":29}},"loc":{"start":{"line":297,"column":34},"end":{"line":297,"column":55}},"line":297},"16":{"name":"(anonymous_16)","decl":{"start":{"line":310,"column":27},"end":{"line":310,"column":28}},"loc":{"start":{"line":310,"column":33},"end":{"line":310,"column":52}},"line":310},"17":{"name":"(anonymous_17)","decl":{"start":{"line":345,"column":41},"end":{"line":345,"column":42}},"loc":{"start":{"line":345,"column":47},"end":{"line":349,"column":15}},"line":345},"18":{"name":"(anonymous_18)","decl":{"start":{"line":361,"column":41},"end":{"line":361,"column":42}},"loc":{"start":{"line":361,"column":47},"end":{"line":361,"column":67}},"line":361}},"branchMap":{"0":{"loc":{"start":{"line":46,"column":4},"end":{"line":48,"column":5}},"type":"if","locations":[{"start":{"line":46,"column":4},"end":{"line":48,"column":5}},{"start":{},"end":{}}],"line":46},"1":{"loc":{"start":{"line":64,"column":4},"end":{"line":67,"column":5}},"type":"if","locations":[{"start":{"line":64,"column":4},"end":{"line":67,"column":5}},{"start":{},"end":{}}],"line":64},"2":{"loc":{"start":{"line":69,"column":4},"end":{"line":91,"column":5}},"type":"if","locations":[{"start":{"line":69,"column":4},"end":{"line":91,"column":5}},{"start":{"line":78,"column":11},"end":{"line":91,"column":5}}],"line":69},"3":{"loc":{"start":{"line":70,"column":6},"end":{"line":73,"column":7}},"type":"if","locations":[{"start":{"line":70,"column":6},"end":{"line":73,"column":7}},{"start":{},"end":{}}],"line":70},"4":{"loc":{"start":{"line":75,"column":6},"end":{"line":77,"column":7}},"type":"if","locations":[{"start":{"line":75,"column":6},"end":{"line":77,"column":7}},{"start":{},"end":{}}],"line":75},"5":{"loc":{"start":{"line":79,"column":6},"end":{"line":82,"column":7}},"type":"if","locations":[{"start":{"line":79,"column":6},"end":{"line":82,"column":7}},{"start":{},"end":{}}],"line":79},"6":{"loc":{"start":{"line":83,"column":6},"end":{"line":86,"column":7}},"type":"if","locations":[{"start":{"line":83,"column":6},"end":{"line":86,"column":7}},{"start":{},"end":{}}],"line":83},"7":{"loc":{"start":{"line":83,"column":10},"end":{"line":83,"column":42}},"type":"binary-expr","locations":[{"start":{"line":83,"column":10},"end":{"line":83,"column":19}},{"start":{"line":83,"column":23},"end":{"line":83,"column":42}}],"line":83},"8":{"loc":{"start":{"line":88,"column":6},"end":{"line":90,"column":7}},"type":"if","locations":[{"start":{"line":88,"column":6},"end":{"line":90,"column":7}},{"start":{},"end":{}}],"line":88},"9":{"loc":{"start":{"line":99,"column":4},"end":{"line":102,"column":5}},"type":"if","locations":[{"start":{"line":99,"column":4},"end":{"line":102,"column":5}},{"start":{},"end":{}}],"line":99},"10":{"loc":{"start":{"line":105,"column":4},"end":{"line":110,"column":5}},"type":"if","locations":[{"start":{"line":105,"column":4},"end":{"line":110,"column":5}},{"start":{},"end":{}}],"line":105},"11":{"loc":{"start":{"line":118,"column":4},"end":{"line":121,"column":5}},"type":"if","locations":[{"start":{"line":118,"column":4},"end":{"line":121,"column":5}},{"start":{},"end":{}}],"line":118},"12":{"loc":{"start":{"line":122,"column":4},"end":{"line":125,"column":5}},"type":"if","locations":[{"start":{"line":122,"column":4},"end":{"line":125,"column":5}},{"start":{},"end":{}}],"line":122},"13":{"loc":{"start":{"line":122,"column":8},"end":{"line":122,"column":46}},"type":"binary-expr","locations":[{"start":{"line":122,"column":8},"end":{"line":122,"column":20}},{"start":{"line":122,"column":24},"end":{"line":122,"column":46}}],"line":122},"14":{"loc":{"start":{"line":128,"column":4},"end":{"line":136,"column":5}},"type":"if","locations":[{"start":{"line":128,"column":4},"end":{"line":136,"column":5}},{"start":{},"end":{}}],"line":128},"15":{"loc":{"start":{"line":139,"column":22},"end":{"line":139,"column":45}},"type":"binary-expr","locations":[{"start":{"line":139,"column":22},"end":{"line":139,"column":32}},{"start":{"line":139,"column":36},"end":{"line":139,"column":45}}],"line":139},"16":{"loc":{"start":{"line":144,"column":16},"end":{"line":144,"column":60}},"type":"cond-expr","locations":[{"start":{"line":144,"column":40},"end":{"line":144,"column":49}},{"start":{"line":144,"column":52},"end":{"line":144,"column":60}}],"line":144},"17":{"loc":{"start":{"line":159,"column":15},"end":{"line":159,"column":56}},"type":"binary-expr","locations":[{"start":{"line":159,"column":15},"end":{"line":159,"column":25}},{"start":{"line":159,"column":29},"end":{"line":159,"column":56}}],"line":159},"18":{"loc":{"start":{"line":160,"column":15},"end":{"line":160,"column":55}},"type":"binary-expr","locations":[{"start":{"line":160,"column":15},"end":{"line":160,"column":24}},{"start":{"line":160,"column":28},"end":{"line":160,"column":55}}],"line":160},"19":{"loc":{"start":{"line":161,"column":15},"end":{"line":161,"column":119}},"type":"binary-expr","locations":[{"start":{"line":161,"column":15},"end":{"line":161,"column":26}},{"start":{"line":161,"column":30},"end":{"line":161,"column":40}},{"start":{"line":161,"column":45},"end":{"line":161,"column":118}}],"line":161},"20":{"loc":{"start":{"line":161,"column":45},"end":{"line":161,"column":118}},"type":"cond-expr","locations":[{"start":{"line":161,"column":55},"end":{"line":161,"column":84}},{"start":{"line":161,"column":87},"end":{"line":161,"column":118}}],"line":161},"21":{"loc":{"start":{"line":166,"column":11},"end":{"line":171,"column":11}},"type":"binary-expr","locations":[{"start":{"line":166,"column":11},"end":{"line":166,"column":22}},{"start":{"line":167,"column":12},"end":{"line":170,"column":28}}],"line":166},"22":{"loc":{"start":{"line":173,"column":11},"end":{"line":185,"column":11}},"type":"binary-expr","locations":[{"start":{"line":173,"column":11},"end":{"line":173,"column":25}},{"start":{"line":174,"column":12},"end":{"line":184,"column":28}}],"line":173},"23":{"loc":{"start":{"line":178,"column":17},"end":{"line":182,"column":17}},"type":"binary-expr","locations":[{"start":{"line":178,"column":17},"end":{"line":178,"column":24}},{"start":{"line":179,"column":18},"end":{"line":181,"column":25}}],"line":178},"24":{"loc":{"start":{"line":189,"column":13},"end":{"line":209,"column":13}},"type":"binary-expr","locations":[{"start":{"line":189,"column":13},"end":{"line":189,"column":21}},{"start":{"line":189,"column":25},"end":{"line":189,"column":36}},{"start":{"line":189,"column":40},"end":{"line":189,"column":50}},{"start":{"line":190,"column":14},"end":{"line":208,"column":30}}],"line":189},"25":{"loc":{"start":{"line":193,"column":18},"end":{"line":193,"column":71}},"type":"binary-expr","locations":[{"start":{"line":193,"column":18},"end":{"line":193,"column":41}},{"start":{"line":193,"column":45},"end":{"line":193,"column":71}}],"line":193},"26":{"loc":{"start":{"line":195,"column":62},"end":{"line":195,"column":106}},"type":"cond-expr","locations":[{"start":{"line":195,"column":88},"end":{"line":195,"column":97}},{"start":{"line":195,"column":100},"end":{"line":195,"column":106}}],"line":195},"27":{"loc":{"start":{"line":212,"column":13},"end":{"line":233,"column":13}},"type":"binary-expr","locations":[{"start":{"line":212,"column":13},"end":{"line":212,"column":23}},{"start":{"line":213,"column":14},"end":{"line":232,"column":30}}],"line":212},"28":{"loc":{"start":{"line":216,"column":18},"end":{"line":216,"column":72}},"type":"binary-expr","locations":[{"start":{"line":216,"column":18},"end":{"line":216,"column":42}},{"start":{"line":216,"column":46},"end":{"line":216,"column":72}}],"line":216},"29":{"loc":{"start":{"line":218,"column":66},"end":{"line":218,"column":111}},"type":"cond-expr","locations":[{"start":{"line":218,"column":93},"end":{"line":218,"column":102}},{"start":{"line":218,"column":105},"end":{"line":218,"column":111}}],"line":218},"30":{"loc":{"start":{"line":236,"column":13},"end":{"line":256,"column":13}},"type":"binary-expr","locations":[{"start":{"line":236,"column":13},"end":{"line":236,"column":24}},{"start":{"line":236,"column":28},"end":{"line":236,"column":38}},{"start":{"line":237,"column":14},"end":{"line":255,"column":30}}],"line":236},"31":{"loc":{"start":{"line":240,"column":18},"end":{"line":240,"column":75}},"type":"binary-expr","locations":[{"start":{"line":240,"column":18},"end":{"line":240,"column":45}},{"start":{"line":240,"column":49},"end":{"line":240,"column":75}}],"line":240},"32":{"loc":{"start":{"line":242,"column":60},"end":{"line":242,"column":108}},"type":"cond-expr","locations":[{"start":{"line":242,"column":90},"end":{"line":242,"column":99}},{"start":{"line":242,"column":102},"end":{"line":242,"column":108}}],"line":242},"33":{"loc":{"start":{"line":259,"column":13},"end":{"line":280,"column":13}},"type":"binary-expr","locations":[{"start":{"line":259,"column":13},"end":{"line":259,"column":22}},{"start":{"line":260,"column":14},"end":{"line":279,"column":30}}],"line":259},"34":{"loc":{"start":{"line":263,"column":18},"end":{"line":263,"column":71}},"type":"binary-expr","locations":[{"start":{"line":263,"column":18},"end":{"line":263,"column":41}},{"start":{"line":263,"column":45},"end":{"line":263,"column":71}}],"line":263},"35":{"loc":{"start":{"line":265,"column":59},"end":{"line":265,"column":103}},"type":"cond-expr","locations":[{"start":{"line":265,"column":85},"end":{"line":265,"column":94}},{"start":{"line":265,"column":97},"end":{"line":265,"column":103}}],"line":265},"36":{"loc":{"start":{"line":283,"column":13},"end":{"line":303,"column":13}},"type":"binary-expr","locations":[{"start":{"line":283,"column":13},"end":{"line":283,"column":22}},{"start":{"line":284,"column":14},"end":{"line":302,"column":30}}],"line":283},"37":{"loc":{"start":{"line":287,"column":18},"end":{"line":287,"column":78}},"type":"binary-expr","locations":[{"start":{"line":287,"column":18},"end":{"line":287,"column":48}},{"start":{"line":287,"column":52},"end":{"line":287,"column":78}}],"line":287},"38":{"loc":{"start":{"line":289,"column":60},"end":{"line":289,"column":111}},"type":"cond-expr","locations":[{"start":{"line":289,"column":93},"end":{"line":289,"column":102}},{"start":{"line":289,"column":105},"end":{"line":289,"column":111}}],"line":289},"39":{"loc":{"start":{"line":306,"column":13},"end":{"line":315,"column":13}},"type":"binary-expr","locations":[{"start":{"line":306,"column":13},"end":{"line":306,"column":20}},{"start":{"line":306,"column":24},"end":{"line":306,"column":35}},{"start":{"line":306,"column":39},"end":{"line":306,"column":49}},{"start":{"line":307,"column":14},"end":{"line":314,"column":30}}],"line":306},"40":{"loc":{"start":{"line":323,"column":18},"end":{"line":325,"column":28}},"type":"cond-expr","locations":[{"start":{"line":323,"column":31},"end":{"line":323,"column":51}},{"start":{"line":324,"column":18},"end":{"line":325,"column":28}}],"line":323},"41":{"loc":{"start":{"line":324,"column":18},"end":{"line":325,"column":28}},"type":"cond-expr","locations":[{"start":{"line":324,"column":30},"end":{"line":324,"column":49}},{"start":{"line":325,"column":18},"end":{"line":325,"column":28}}],"line":324},"42":{"loc":{"start":{"line":329,"column":17},"end":{"line":337,"column":17}},"type":"cond-expr","locations":[{"start":{"line":330,"column":18},"end":{"line":330,"column":68}},{"start":{"line":332,"column":18},"end":{"line":336,"column":25}}],"line":329},"43":{"loc":{"start":{"line":333,"column":21},"end":{"line":335,"column":61}},"type":"cond-expr","locations":[{"start":{"line":333,"column":34},"end":{"line":333,"column":51}},{"start":{"line":334,"column":21},"end":{"line":335,"column":61}}],"line":333},"44":{"loc":{"start":{"line":334,"column":21},"end":{"line":335,"column":61}},"type":"cond-expr","locations":[{"start":{"line":334,"column":33},"end":{"line":334,"column":50}},{"start":{"line":335,"column":22},"end":{"line":335,"column":60}}],"line":334},"45":{"loc":{"start":{"line":335,"column":22},"end":{"line":335,"column":60}},"type":"cond-expr","locations":[{"start":{"line":335,"column":32},"end":{"line":335,"column":41}},{"start":{"line":335,"column":44},"end":{"line":335,"column":60}}],"line":335},"46":{"loc":{"start":{"line":343,"column":11},"end":{"line":353,"column":11}},"type":"binary-expr","locations":[{"start":{"line":343,"column":12},"end":{"line":343,"column":22}},{"start":{"line":343,"column":26},"end":{"line":343,"column":35}},{"start":{"line":344,"column":12},"end":{"line":352,"column":28}}],"line":343},"47":{"loc":{"start":{"line":356,"column":11},"end":{"line":367,"column":11}},"type":"binary-expr","locations":[{"start":{"line":356,"column":11},"end":{"line":356,"column":22}},{"start":{"line":356,"column":26},"end":{"line":356,"column":36}},{"start":{"line":357,"column":12},"end":{"line":366,"column":28}}],"line":356},"48":{"loc":{"start":{"line":359,"column":17},"end":{"line":359,"column":82}},"type":"cond-expr","locations":[{"start":{"line":359,"column":27},"end":{"line":359,"column":52}},{"start":{"line":359,"column":55},"end":{"line":359,"column":82}}],"line":359},"49":{"loc":{"start":{"line":363,"column":19},"end":{"line":363,"column":50}},"type":"cond-expr","locations":[{"start":{"line":363,"column":29},"end":{"line":363,"column":38}},{"start":{"line":363,"column":41},"end":{"line":363,"column":50}}],"line":363}},"s":{"0":1,"1":109,"2":109,"3":109,"4":109,"5":109,"6":109,"7":109,"8":109,"9":109,"10":109,"11":109,"12":109,"13":109,"14":109,"15":109,"16":21,"17":1,"18":109,"19":44,"20":44,"21":44,"22":44,"23":109,"24":8,"25":8,"26":8,"27":8,"28":1,"29":1,"30":7,"31":3,"32":1,"33":1,"34":2,"35":2,"36":1,"37":4,"38":1,"39":1,"40":3,"41":1,"42":1,"43":2,"44":2,"45":1,"46":109,"47":8,"48":8,"49":8,"50":8,"51":1,"52":1,"53":7,"54":7,"55":6,"56":6,"57":6,"58":6,"59":109,"60":5,"61":5,"62":5,"63":5,"64":1,"65":1,"66":4,"67":2,"68":2,"69":2,"70":2,"71":1,"72":1,"73":1,"74":1,"75":1,"76":1,"77":1,"78":109,"79":109,"80":1,"81":1,"82":1,"83":1,"84":1,"85":1,"86":1,"87":1,"88":1,"89":1,"90":9,"91":1,"92":1,"93":1,"94":6,"95":1},"f":{"0":109,"1":21,"2":44,"3":8,"4":8,"5":5,"6":1,"7":1,"8":1,"9":1,"10":1,"11":1,"12":1,"13":1,"14":1,"15":1,"16":9,"17":1,"18":6},"b":{"0":[1,20],"1":[1,7],"2":[3,4],"3":[1,2],"4":[1,1],"5":[1,3],"6":[1,2],"7":[3,3],"8":[1,1],"9":[1,7],"10":[6,1],"11":[1,4],"12":[2,2],"13":[4,3],"14":[1,1],"15":[109,100],"16":[108,1],"17":[109,27],"18":[109,24],"19":[109,82,58],"20":[38,20],"21":[109,30],"22":[109,7],"23":[7,6],"24":[109,20,20,20],"25":[20,1],"26":[1,19],"27":[109,85],"28":[85,1],"29":[1,84],"30":[109,82,58],"31":[58,1],"32":[1,57],"33":[109,24],"34":[24,1],"35":[1,23],"36":[109,24],"37":[24,1],"38":[1,23],"39":[109,89,62,38],"40":[27,82],"41":[24,58],"42":[1,108],"43":[27,81],"44":[24,57],"45":[37,20],"46":[109,82,51],"47":[109,82,58],"48":[38,20],"49":[38,20]},"_coverageSchema":"1a1c01bbd47fc00a2c39e90264f33305004495a9","hash":"14735b456c0979deab5828334c6e0db377ecd87e"}
,"/Users/kayrabali/Desktop/projects/Motus/src/store/useStore.ts": {"path":"/Users/kayrabali/Desktop/projects/Motus/src/store/useStore.ts","statementMap":{"0":{"start":{"line":5,"column":60},"end":{"line":9,"column":1}},"1":{"start":{"line":12,"column":28},"end":{"line":12,"column":84}},"2":{"start":{"line":71,"column":29},"end":{"line":339,"column":3}},"3":{"start":{"line":71,"column":63},"end":{"line":339,"column":1}},"4":{"start":{"line":90,"column":4},"end":{"line":90,"column":40}},"5":{"start":{"line":91,"column":4},"end":{"line":91,"column":57}},"6":{"start":{"line":95,"column":4},"end":{"line":95,"column":29}},"7":{"start":{"line":96,"column":4},"end":{"line":96,"column":61}},"8":{"start":{"line":100,"column":4},"end":{"line":100,"column":33}},"9":{"start":{"line":101,"column":4},"end":{"line":101,"column":78}},"10":{"start":{"line":105,"column":4},"end":{"line":105,"column":43}},"11":{"start":{"line":106,"column":4},"end":{"line":110,"column":5}},"12":{"start":{"line":107,"column":6},"end":{"line":107,"column":73}},"13":{"start":{"line":109,"column":6},"end":{"line":109,"column":54}},"14":{"start":{"line":114,"column":4},"end":{"line":114,"column":36}},"15":{"start":{"line":118,"column":43},"end":{"line":118,"column":48}},"16":{"start":{"line":119,"column":23},"end":{"line":119,"column":66}},"17":{"start":{"line":120,"column":4},"end":{"line":120,"column":33}},"18":{"start":{"line":125,"column":4},"end":{"line":125,"column":48}},"19":{"start":{"line":126,"column":4},"end":{"line":147,"column":5}},"20":{"start":{"line":127,"column":23},"end":{"line":131,"column":8}},"21":{"start":{"line":132,"column":19},"end":{"line":132,"column":40}},"22":{"start":{"line":133,"column":6},"end":{"line":135,"column":7}},"23":{"start":{"line":134,"column":8},"end":{"line":134,"column":62}},"24":{"start":{"line":137,"column":6},"end":{"line":137,"column":70}},"25":{"start":{"line":138,"column":6},"end":{"line":138,"column":64}},"26":{"start":{"line":139,"column":6},"end":{"line":139,"column":78}},"27":{"start":{"line":142,"column":6},"end":{"line":142,"column":42}},"28":{"start":{"line":143,"column":6},"end":{"line":143,"column":18}},"29":{"start":{"line":145,"column":6},"end":{"line":145,"column":75}},"30":{"start":{"line":146,"column":6},"end":{"line":146,"column":19}},"31":{"start":{"line":151,"column":4},"end":{"line":151,"column":48}},"32":{"start":{"line":152,"column":4},"end":{"line":173,"column":5}},"33":{"start":{"line":153,"column":23},"end":{"line":157,"column":8}},"34":{"start":{"line":158,"column":19},"end":{"line":158,"column":40}},"35":{"start":{"line":159,"column":6},"end":{"line":161,"column":7}},"36":{"start":{"line":160,"column":8},"end":{"line":160,"column":64}},"37":{"start":{"line":163,"column":6},"end":{"line":163,"column":70}},"38":{"start":{"line":164,"column":6},"end":{"line":164,"column":64}},"39":{"start":{"line":165,"column":6},"end":{"line":165,"column":78}},"40":{"start":{"line":168,"column":6},"end":{"line":168,"column":42}},"41":{"start":{"line":169,"column":6},"end":{"line":169,"column":18}},"42":{"start":{"line":171,"column":6},"end":{"line":171,"column":75}},"43":{"start":{"line":172,"column":6},"end":{"line":172,"column":19}},"44":{"start":{"line":177,"column":4},"end":{"line":177,"column":48}},"45":{"start":{"line":178,"column":4},"end":{"line":193,"column":5}},"46":{"start":{"line":179,"column":23},"end":{"line":183,"column":8}},"47":{"start":{"line":184,"column":19},"end":{"line":184,"column":40}},"48":{"start":{"line":185,"column":6},"end":{"line":187,"column":7}},"49":{"start":{"line":186,"column":8},"end":{"line":186,"column":71}},"50":{"start":{"line":188,"column":6},"end":{"line":188,"column":34}},"51":{"start":{"line":189,"column":6},"end":{"line":189,"column":40}},"52":{"start":{"line":191,"column":6},"end":{"line":191,"column":92}},"53":{"start":{"line":192,"column":6},"end":{"line":192,"column":18}},"54":{"start":{"line":197,"column":4},"end":{"line":197,"column":48}},"55":{"start":{"line":198,"column":4},"end":{"line":213,"column":5}},"56":{"start":{"line":199,"column":23},"end":{"line":203,"column":8}},"57":{"start":{"line":204,"column":19},"end":{"line":204,"column":40}},"58":{"start":{"line":205,"column":6},"end":{"line":207,"column":7}},"59":{"start":{"line":206,"column":8},"end":{"line":206,"column":67}},"60":{"start":{"line":208,"column":6},"end":{"line":208,"column":34}},"61":{"start":{"line":209,"column":6},"end":{"line":209,"column":18}},"62":{"start":{"line":211,"column":6},"end":{"line":211,"column":83}},"63":{"start":{"line":212,"column":6},"end":{"line":212,"column":19}},"64":{"start":{"line":217,"column":22},"end":{"line":217,"column":27}},"65":{"start":{"line":218,"column":4},"end":{"line":218,"column":29}},"66":{"start":{"line":218,"column":16},"end":{"line":218,"column":29}},"67":{"start":{"line":219,"column":4},"end":{"line":238,"column":5}},"68":{"start":{"line":220,"column":23},"end":{"line":227,"column":8}},"69":{"start":{"line":228,"column":19},"end":{"line":228,"column":40}},"70":{"start":{"line":229,"column":6},"end":{"line":233,"column":7}},"71":{"start":{"line":230,"column":8},"end":{"line":230,"column":28}},"72":{"start":{"line":231,"column":8},"end":{"line":231,"column":75}},"73":{"start":{"line":232,"column":8},"end":{"line":232,"column":20}},"74":{"start":{"line":234,"column":6},"end":{"line":234,"column":19}},"75":{"start":{"line":236,"column":6},"end":{"line":236,"column":54}},"76":{"start":{"line":237,"column":6},"end":{"line":237,"column":19}},"77":{"start":{"line":242,"column":4},"end":{"line":249,"column":7}},"78":{"start":{"line":250,"column":4},"end":{"line":250,"column":53}},"79":{"start":{"line":251,"column":4},"end":{"line":251,"column":52}},"80":{"start":{"line":255,"column":4},"end":{"line":255,"column":29}},"81":{"start":{"line":260,"column":40},"end":{"line":260,"column":45}},"82":{"start":{"line":261,"column":4},"end":{"line":261,"column":23}},"83":{"start":{"line":261,"column":16},"end":{"line":261,"column":23}},"84":{"start":{"line":263,"column":4},"end":{"line":278,"column":5}},"85":{"start":{"line":264,"column":22},"end":{"line":264,"column":40}},"86":{"start":{"line":265,"column":23},"end":{"line":272,"column":8}},"87":{"start":{"line":273,"column":6},"end":{"line":275,"column":7}},"88":{"start":{"line":274,"column":8},"end":{"line":274,"column":44}},"89":{"start":{"line":277,"column":6},"end":{"line":277,"column":61}},"90":{"start":{"line":282,"column":22},"end":{"line":282,"column":27}},"91":{"start":{"line":283,"column":4},"end":{"line":283,"column":23}},"92":{"start":{"line":283,"column":16},"end":{"line":283,"column":23}},"93":{"start":{"line":285,"column":4},"end":{"line":301,"column":5}},"94":{"start":{"line":286,"column":23},"end":{"line":289,"column":8}},"95":{"start":{"line":290,"column":6},"end":{"line":298,"column":7}},"96":{"start":{"line":291,"column":21},"end":{"line":291,"column":42}},"97":{"start":{"line":292,"column":8},"end":{"line":297,"column":11}},"98":{"start":{"line":300,"column":6},"end":{"line":300,"column":55}},"99":{"start":{"line":305,"column":4},"end":{"line":337,"column":5}},"100":{"start":{"line":306,"column":23},"end":{"line":306,"column":71}},"101":{"start":{"line":307,"column":20},"end":{"line":307,"column":64}},"102":{"start":{"line":308,"column":18},"end":{"line":308,"column":68}},"103":{"start":{"line":309,"column":21},"end":{"line":309,"column":72}},"104":{"start":{"line":311,"column":20},"end":{"line":311,"column":65}},"105":{"start":{"line":312,"column":22},"end":{"line":312,"column":66}},"106":{"start":{"line":313,"column":19},"end":{"line":313,"column":55}},"107":{"start":{"line":315,"column":6},"end":{"line":322,"column":9}},"108":{"start":{"line":324,"column":6},"end":{"line":327,"column":7}},"109":{"start":{"line":326,"column":8},"end":{"line":326,"column":38}},"110":{"start":{"line":329,"column":6},"end":{"line":334,"column":7}},"111":{"start":{"line":330,"column":28},"end":{"line":330,"column":70}},"112":{"start":{"line":331,"column":8},"end":{"line":331,"column":46}},"113":{"start":{"line":333,"column":8},"end":{"line":333,"column":60}},"114":{"start":{"line":336,"column":6},"end":{"line":336,"column":45}}},"fnMap":{"0":{"name":"(anonymous_0)","decl":{"start":{"line":71,"column":48},"end":{"line":71,"column":49}},"loc":{"start":{"line":71,"column":63},"end":{"line":339,"column":1}},"line":71},"1":{"name":"(anonymous_1)","decl":{"start":{"line":89,"column":15},"end":{"line":89,"column":16}},"loc":{"start":{"line":89,"column":29},"end":{"line":92,"column":3}},"line":89},"2":{"name":"(anonymous_2)","decl":{"start":{"line":94,"column":15},"end":{"line":94,"column":16}},"loc":{"start":{"line":94,"column":26},"end":{"line":97,"column":3}},"line":94},"3":{"name":"(anonymous_3)","decl":{"start":{"line":99,"column":17},"end":{"line":99,"column":18}},"loc":{"start":{"line":99,"column":30},"end":{"line":102,"column":3}},"line":99},"4":{"name":"(anonymous_4)","decl":{"start":{"line":104,"column":21},"end":{"line":104,"column":22}},"loc":{"start":{"line":104,"column":36},"end":{"line":111,"column":3}},"line":104},"5":{"name":"(anonymous_5)","decl":{"start":{"line":113,"column":22},"end":{"line":113,"column":23}},"loc":{"start":{"line":113,"column":33},"end":{"line":115,"column":3}},"line":113},"6":{"name":"(anonymous_6)","decl":{"start":{"line":117,"column":20},"end":{"line":117,"column":21}},"loc":{"start":{"line":117,"column":26},"end":{"line":121,"column":3}},"line":117},"7":{"name":"(anonymous_7)","decl":{"start":{"line":124,"column":10},"end":{"line":124,"column":11}},"loc":{"start":{"line":124,"column":43},"end":{"line":148,"column":3}},"line":124},"8":{"name":"(anonymous_8)","decl":{"start":{"line":150,"column":10},"end":{"line":150,"column":11}},"loc":{"start":{"line":150,"column":37},"end":{"line":174,"column":3}},"line":150},"9":{"name":"(anonymous_9)","decl":{"start":{"line":176,"column":20},"end":{"line":176,"column":21}},"loc":{"start":{"line":176,"column":37},"end":{"line":194,"column":3}},"line":176},"10":{"name":"(anonymous_10)","decl":{"start":{"line":196,"column":17},"end":{"line":196,"column":18}},"loc":{"start":{"line":196,"column":53},"end":{"line":214,"column":3}},"line":196},"11":{"name":"(anonymous_11)","decl":{"start":{"line":216,"column":21},"end":{"line":216,"column":22}},"loc":{"start":{"line":216,"column":45},"end":{"line":239,"column":3}},"line":216},"12":{"name":"(anonymous_12)","decl":{"start":{"line":241,"column":11},"end":{"line":241,"column":12}},"loc":{"start":{"line":241,"column":23},"end":{"line":252,"column":3}},"line":241},"13":{"name":"(anonymous_13)","decl":{"start":{"line":254,"column":18},"end":{"line":254,"column":19}},"loc":{"start":{"line":254,"column":24},"end":{"line":256,"column":3}},"line":254},"14":{"name":"(anonymous_14)","decl":{"start":{"line":259,"column":21},"end":{"line":259,"column":22}},"loc":{"start":{"line":259,"column":47},"end":{"line":279,"column":3}},"line":259},"15":{"name":"(anonymous_15)","decl":{"start":{"line":281,"column":25},"end":{"line":281,"column":26}},"loc":{"start":{"line":281,"column":37},"end":{"line":302,"column":3}},"line":281},"16":{"name":"(anonymous_16)","decl":{"start":{"line":304,"column":13},"end":{"line":304,"column":14}},"loc":{"start":{"line":304,"column":25},"end":{"line":338,"column":3}},"line":304}},"branchMap":{"0":{"loc":{"start":{"line":101,"column":50},"end":{"line":101,"column":76}},"type":"cond-expr","locations":[{"start":{"line":101,"column":60},"end":{"line":101,"column":66}},{"start":{"line":101,"column":69},"end":{"line":101,"column":76}}],"line":101},"1":{"loc":{"start":{"line":106,"column":4},"end":{"line":110,"column":5}},"type":"if","locations":[{"start":{"line":106,"column":4},"end":{"line":110,"column":5}},{"start":{"line":108,"column":11},"end":{"line":110,"column":5}}],"line":106},"2":{"loc":{"start":{"line":119,"column":23},"end":{"line":119,"column":66}},"type":"binary-expr","locations":[{"start":{"line":119,"column":23},"end":{"line":119,"column":61}},{"start":{"line":119,"column":65},"end":{"line":119,"column":66}}],"line":119},"3":{"loc":{"start":{"line":133,"column":6},"end":{"line":135,"column":7}},"type":"if","locations":[{"start":{"line":133,"column":6},"end":{"line":135,"column":7}},{"start":{},"end":{}}],"line":133},"4":{"loc":{"start":{"line":134,"column":24},"end":{"line":134,"column":60}},"type":"binary-expr","locations":[{"start":{"line":134,"column":24},"end":{"line":134,"column":34}},{"start":{"line":134,"column":38},"end":{"line":134,"column":60}}],"line":134},"5":{"loc":{"start":{"line":145,"column":43},"end":{"line":145,"column":71}},"type":"binary-expr","locations":[{"start":{"line":145,"column":43},"end":{"line":145,"column":52}},{"start":{"line":145,"column":56},"end":{"line":145,"column":71}}],"line":145},"6":{"loc":{"start":{"line":159,"column":6},"end":{"line":161,"column":7}},"type":"if","locations":[{"start":{"line":159,"column":6},"end":{"line":161,"column":7}},{"start":{},"end":{}}],"line":159},"7":{"loc":{"start":{"line":160,"column":24},"end":{"line":160,"column":62}},"type":"binary-expr","locations":[{"start":{"line":160,"column":24},"end":{"line":160,"column":34}},{"start":{"line":160,"column":38},"end":{"line":160,"column":62}}],"line":160},"8":{"loc":{"start":{"line":171,"column":43},"end":{"line":171,"column":71}},"type":"binary-expr","locations":[{"start":{"line":171,"column":43},"end":{"line":171,"column":52}},{"start":{"line":171,"column":56},"end":{"line":171,"column":71}}],"line":171},"9":{"loc":{"start":{"line":185,"column":6},"end":{"line":187,"column":7}},"type":"if","locations":[{"start":{"line":185,"column":6},"end":{"line":187,"column":7}},{"start":{},"end":{}}],"line":185},"10":{"loc":{"start":{"line":186,"column":24},"end":{"line":186,"column":69}},"type":"binary-expr","locations":[{"start":{"line":186,"column":24},"end":{"line":186,"column":34}},{"start":{"line":186,"column":38},"end":{"line":186,"column":69}}],"line":186},"11":{"loc":{"start":{"line":189,"column":13},"end":{"line":189,"column":39}},"type":"binary-expr","locations":[{"start":{"line":189,"column":13},"end":{"line":189,"column":27}},{"start":{"line":189,"column":31},"end":{"line":189,"column":39}}],"line":189},"12":{"loc":{"start":{"line":191,"column":43},"end":{"line":191,"column":88}},"type":"binary-expr","locations":[{"start":{"line":191,"column":43},"end":{"line":191,"column":52}},{"start":{"line":191,"column":56},"end":{"line":191,"column":88}}],"line":191},"13":{"loc":{"start":{"line":205,"column":6},"end":{"line":207,"column":7}},"type":"if","locations":[{"start":{"line":205,"column":6},"end":{"line":207,"column":7}},{"start":{},"end":{}}],"line":205},"14":{"loc":{"start":{"line":206,"column":24},"end":{"line":206,"column":65}},"type":"binary-expr","locations":[{"start":{"line":206,"column":24},"end":{"line":206,"column":34}},{"start":{"line":206,"column":38},"end":{"line":206,"column":65}}],"line":206},"15":{"loc":{"start":{"line":211,"column":43},"end":{"line":211,"column":79}},"type":"binary-expr","locations":[{"start":{"line":211,"column":43},"end":{"line":211,"column":52}},{"start":{"line":211,"column":56},"end":{"line":211,"column":79}}],"line":211},"16":{"loc":{"start":{"line":218,"column":4},"end":{"line":218,"column":29}},"type":"if","locations":[{"start":{"line":218,"column":4},"end":{"line":218,"column":29}},{"start":{},"end":{}}],"line":218},"17":{"loc":{"start":{"line":229,"column":6},"end":{"line":233,"column":7}},"type":"if","locations":[{"start":{"line":229,"column":6},"end":{"line":233,"column":7}},{"start":{},"end":{}}],"line":229},"18":{"loc":{"start":{"line":261,"column":4},"end":{"line":261,"column":23}},"type":"if","locations":[{"start":{"line":261,"column":4},"end":{"line":261,"column":23}},{"start":{},"end":{}}],"line":261},"19":{"loc":{"start":{"line":273,"column":6},"end":{"line":275,"column":7}},"type":"if","locations":[{"start":{"line":273,"column":6},"end":{"line":275,"column":7}},{"start":{},"end":{}}],"line":273},"20":{"loc":{"start":{"line":283,"column":4},"end":{"line":283,"column":23}},"type":"if","locations":[{"start":{"line":283,"column":4},"end":{"line":283,"column":23}},{"start":{},"end":{}}],"line":283},"21":{"loc":{"start":{"line":290,"column":6},"end":{"line":298,"column":7}},"type":"if","locations":[{"start":{"line":290,"column":6},"end":{"line":298,"column":7}},{"start":{},"end":{}}],"line":290},"22":{"loc":{"start":{"line":313,"column":19},"end":{"line":313,"column":55}},"type":"cond-expr","locations":[{"start":{"line":313,"column":29},"end":{"line":313,"column":48}},{"start":{"line":313,"column":51},"end":{"line":313,"column":55}}],"line":313},"23":{"loc":{"start":{"line":316,"column":26},"end":{"line":316,"column":47}},"type":"binary-expr","locations":[{"start":{"line":316,"column":26},"end":{"line":316,"column":34}},{"start":{"line":316,"column":38},"end":{"line":316,"column":47}}],"line":316},"24":{"loc":{"start":{"line":317,"column":18},"end":{"line":317,"column":50}},"type":"cond-expr","locations":[{"start":{"line":317,"column":26},"end":{"line":317,"column":45}},{"start":{"line":317,"column":48},"end":{"line":317,"column":50}}],"line":317},"25":{"loc":{"start":{"line":319,"column":28},"end":{"line":319,"column":58}},"type":"cond-expr","locations":[{"start":{"line":319,"column":34},"end":{"line":319,"column":51}},{"start":{"line":319,"column":54},"end":{"line":319,"column":58}}],"line":319},"26":{"loc":{"start":{"line":324,"column":6},"end":{"line":327,"column":7}},"type":"if","locations":[{"start":{"line":324,"column":6},"end":{"line":327,"column":7}},{"start":{},"end":{}}],"line":324}},"s":{"0":1,"1":1,"2":1,"3":1,"4":1,"5":1,"6":1,"7":1,"8":2,"9":2,"10":2,"11":2,"12":1,"13":1,"14":1,"15":7,"16":7,"17":7,"18":5,"19":5,"20":5,"21":3,"22":3,"23":2,"24":1,"25":1,"26":1,"27":1,"28":1,"29":4,"30":4,"31":5,"32":5,"33":5,"34":3,"35":3,"36":2,"37":1,"38":1,"39":1,"40":1,"41":1,"42":4,"43":4,"44":6,"45":6,"46":6,"47":4,"48":4,"49":2,"50":2,"51":2,"52":4,"53":4,"54":5,"55":5,"56":5,"57":3,"58":3,"59":2,"60":1,"61":1,"62":4,"63":4,"64":4,"65":4,"66":1,"67":3,"68":3,"69":2,"70":2,"71":1,"72":1,"73":1,"74":1,"75":1,"76":1,"77":1,"78":1,"79":1,"80":1,"81":4,"82":4,"83":1,"84":3,"85":3,"86":3,"87":2,"88":1,"89":1,"90":8,"91":8,"92":1,"93":7,"94":7,"95":6,"96":5,"97":5,"98":1,"99":4,"100":4,"101":3,"102":3,"103":3,"104":3,"105":3,"106":3,"107":3,"108":3,"109":1,"110":3,"111":3,"112":2,"113":1,"114":1},"f":{"0":1,"1":1,"2":1,"3":2,"4":2,"5":1,"6":7,"7":5,"8":5,"9":6,"10":5,"11":4,"12":1,"13":1,"14":4,"15":8,"16":4},"b":{"0":[1,1],"1":[1,1],"2":[7,1],"3":[2,1],"4":[2,1],"5":[4,1],"6":[2,1],"7":[2,1],"8":[4,1],"9":[2,2],"10":[2,1],"11":[2,1],"12":[4,1],"13":[2,1],"14":[2,1],"15":[4,1],"16":[1,3],"17":[1,1],"18":[1,3],"19":[1,1],"20":[1,7],"21":[5,1],"22":[1,2],"23":[3,2],"24":[1,2],"25":[1,2],"26":[1,2]},"_coverageSchema":"1a1c01bbd47fc00a2c39e90264f33305004495a9","hash":"7a785e4b6f47fc6973bd3b4d11507fad3ef3dd69"}
}
