{"/Users/kayrabali/Desktop/projects/Motus/src/app/auth.tsx": {"path":"/Users/kayrabali/Desktop/projects/Motus/src/app/auth.tsx","statementMap":{"0":{"start":{"line":19,"column":18},"end":{"line":19,"column":42}},"1":{"start":{"line":35,"column":36},"end":{"line":35,"column":51}},"2":{"start":{"line":37,"column":19},"end":{"line":37,"column":75}},"3":{"start":{"line":38,"column":25},"end":{"line":38,"column":40}},"4":{"start":{"line":40,"column":2},"end":{"line":70,"column":4}},"5":{"start":{"line":58,"column":10},"end":{"line":58,"column":29}},"6":{"start":{"line":59,"column":10},"end":{"line":59,"column":33}},"7":{"start":{"line":59,"column":23},"end":{"line":59,"column":33}},"8":{"start":{"line":62,"column":10},"end":{"line":62,"column":30}},"9":{"start":{"line":63,"column":10},"end":{"line":63,"column":31}},"10":{"start":{"line":63,"column":22},"end":{"line":63,"column":31}},"11":{"start":{"line":74,"column":17},"end":{"line":74,"column":28}},"12":{"start":{"line":75,"column":109},"end":{"line":75,"column":124}},"13":{"start":{"line":77,"column":32},"end":{"line":77,"column":46}},"14":{"start":{"line":78,"column":38},"end":{"line":78,"column":53}},"15":{"start":{"line":79,"column":36},"end":{"line":79,"column":51}},"16":{"start":{"line":82,"column":26},"end":{"line":82,"column":38}},"17":{"start":{"line":83,"column":28},"end":{"line":83,"column":40}},"18":{"start":{"line":84,"column":34},"end":{"line":84,"column":46}},"19":{"start":{"line":85,"column":36},"end":{"line":85,"column":48}},"20":{"start":{"line":86,"column":40},"end":{"line":86,"column":52}},"21":{"start":{"line":89,"column":38},"end":{"line":89,"column":67}},"22":{"start":{"line":90,"column":46},"end":{"line":90,"column":75}},"23":{"start":{"line":91,"column":32},"end":{"line":91,"column":61}},"24":{"start":{"line":93,"column":2},"end":{"line":98,"column":14}},"25":{"start":{"line":95,"column":4},"end":{"line":97,"column":5}},"26":{"start":{"line":96,"column":6},"end":{"line":96,"column":32}},"27":{"start":{"line":100,"column":2},"end":{"line":106,"column":39}},"28":{"start":{"line":102,"column":4},"end":{"line":102,"column":21}},"29":{"start":{"line":103,"column":4},"end":{"line":103,"column":24}},"30":{"start":{"line":104,"column":4},"end":{"line":104,"column":28}},"31":{"start":{"line":105,"column":4},"end":{"line":105,"column":21}},"32":{"start":{"line":108,"column":21},"end":{"line":142,"column":3}},"33":{"start":{"line":109,"column":4},"end":{"line":109,"column":23}},"34":{"start":{"line":110,"column":4},"end":{"line":110,"column":24}},"35":{"start":{"line":111,"column":4},"end":{"line":111,"column":28}},"36":{"start":{"line":113,"column":4},"end":{"line":116,"column":5}},"37":{"start":{"line":114,"column":6},"end":{"line":114,"column":42}},"38":{"start":{"line":115,"column":6},"end":{"line":115,"column":13}},"39":{"start":{"line":118,"column":4},"end":{"line":141,"column":5}},"40":{"start":{"line":119,"column":6},"end":{"line":122,"column":7}},"41":{"start":{"line":120,"column":8},"end":{"line":120,"column":47}},"42":{"start":{"line":121,"column":8},"end":{"line":121,"column":15}},"43":{"start":{"line":123,"column":22},"end":{"line":123,"column":51}},"44":{"start":{"line":124,"column":6},"end":{"line":126,"column":7}},"45":{"start":{"line":125,"column":8},"end":{"line":125,"column":34}},"46":{"start":{"line":128,"column":6},"end":{"line":131,"column":7}},"47":{"start":{"line":129,"column":8},"end":{"line":129,"column":43}},"48":{"start":{"line":130,"column":8},"end":{"line":130,"column":15}},"49":{"start":{"line":132,"column":23},"end":{"line":132,"column":121}},"50":{"start":{"line":133,"column":6},"end":{"line":136,"column":7}},"51":{"start":{"line":134,"column":8},"end":{"line":134,"column":122}},"52":{"start":{"line":135,"column":8},"end":{"line":135,"column":15}},"53":{"start":{"line":137,"column":22},"end":{"line":137,"column":57}},"54":{"start":{"line":138,"column":6},"end":{"line":140,"column":7}},"55":{"start":{"line":139,"column":8},"end":{"line":139,"column":34}},"56":{"start":{"line":144,"column":31},"end":{"line":161,"column":3}},"57":{"start":{"line":145,"column":4},"end":{"line":145,"column":23}},"58":{"start":{"line":146,"column":4},"end":{"line":146,"column":24}},"59":{"start":{"line":147,"column":4},"end":{"line":147,"column":28}},"60":{"start":{"line":149,"column":4},"end":{"line":152,"column":5}},"61":{"start":{"line":150,"column":6},"end":{"line":150,"column":60}},"62":{"start":{"line":151,"column":6},"end":{"line":151,"column":13}},"63":{"start":{"line":154,"column":17},"end":{"line":154,"column":46}},"64":{"start":{"line":155,"column":4},"end":{"line":160,"column":5}},"65":{"start":{"line":156,"column":6},"end":{"line":156,"column":23}},"66":{"start":{"line":157,"column":6},"end":{"line":157,"column":90}},"67":{"start":{"line":158,"column":6},"end":{"line":158,"column":27}},"68":{"start":{"line":159,"column":6},"end":{"line":159,"column":25}},"69":{"start":{"line":163,"column":30},"end":{"line":187,"column":3}},"70":{"start":{"line":164,"column":4},"end":{"line":164,"column":23}},"71":{"start":{"line":165,"column":4},"end":{"line":165,"column":24}},"72":{"start":{"line":166,"column":4},"end":{"line":166,"column":28}},"73":{"start":{"line":168,"column":4},"end":{"line":171,"column":5}},"74":{"start":{"line":169,"column":6},"end":{"line":169,"column":54}},"75":{"start":{"line":170,"column":6},"end":{"line":170,"column":13}},"76":{"start":{"line":172,"column":4},"end":{"line":175,"column":5}},"77":{"start":{"line":173,"column":6},"end":{"line":173,"column":67}},"78":{"start":{"line":174,"column":6},"end":{"line":174,"column":13}},"79":{"start":{"line":177,"column":20},"end":{"line":177,"column":70}},"80":{"start":{"line":178,"column":4},"end":{"line":186,"column":5}},"81":{"start":{"line":179,"column":6},"end":{"line":179,"column":74}},"82":{"start":{"line":180,"column":6},"end":{"line":180,"column":26}},"83":{"start":{"line":181,"column":6},"end":{"line":181,"column":23}},"84":{"start":{"line":182,"column":6},"end":{"line":182,"column":22}},"85":{"start":{"line":183,"column":6},"end":{"line":183,"column":25}},"86":{"start":{"line":184,"column":6},"end":{"line":184,"column":23}},"87":{"start":{"line":185,"column":6},"end":{"line":185,"column":23}},"88":{"start":{"line":189,"column":22},"end":{"line":189,"column":45}},"89":{"start":{"line":191,"column":2},"end":{"line":411,"column":4}},"90":{"start":{"line":350,"column":33},"end":{"line":350,"column":52}},"91":{"start":{"line":386,"column":16},"end":{"line":386,"column":37}},"92":{"start":{"line":387,"column":16},"end":{"line":387,"column":36}},"93":{"start":{"line":388,"column":16},"end":{"line":388,"column":33}},"94":{"start":{"line":401,"column":47},"end":{"line":401,"column":67}},"95":{"start":{"line":414,"column":15},"end":{"line":615,"column":2}}},"fnMap":{"0":{"name":"AuthInput","decl":{"start":{"line":34,"column":16},"end":{"line":34,"column":25}},"loc":{"start":{"line":34,"column":79},"end":{"line":71,"column":1}},"line":34},"1":{"name":"(anonymous_1)","decl":{"start":{"line":57,"column":17},"end":{"line":57,"column":18}},"loc":{"start":{"line":57,"column":23},"end":{"line":60,"column":9}},"line":57},"2":{"name":"(anonymous_2)","decl":{"start":{"line":61,"column":16},"end":{"line":61,"column":17}},"loc":{"start":{"line":61,"column":22},"end":{"line":64,"column":9}},"line":61},"3":{"name":"AuthScreen","decl":{"start":{"line":73,"column":24},"end":{"line":73,"column":34}},"loc":{"start":{"line":73,"column":37},"end":{"line":412,"column":1}},"line":73},"4":{"name":"(anonymous_4)","decl":{"start":{"line":93,"column":12},"end":{"line":93,"column":13}},"loc":{"start":{"line":93,"column":18},"end":{"line":98,"column":3}},"line":93},"5":{"name":"(anonymous_5)","decl":{"start":{"line":100,"column":12},"end":{"line":100,"column":13}},"loc":{"start":{"line":100,"column":18},"end":{"line":106,"column":3}},"line":100},"6":{"name":"(anonymous_6)","decl":{"start":{"line":108,"column":21},"end":{"line":108,"column":22}},"loc":{"start":{"line":108,"column":33},"end":{"line":142,"column":3}},"line":108},"7":{"name":"(anonymous_7)","decl":{"start":{"line":144,"column":31},"end":{"line":144,"column":32}},"loc":{"start":{"line":144,"column":43},"end":{"line":161,"column":3}},"line":144},"8":{"name":"(anonymous_8)","decl":{"start":{"line":163,"column":30},"end":{"line":163,"column":31}},"loc":{"start":{"line":163,"column":42},"end":{"line":187,"column":3}},"line":163},"9":{"name":"(anonymous_9)","decl":{"start":{"line":350,"column":27},"end":{"line":350,"column":28}},"loc":{"start":{"line":350,"column":33},"end":{"line":350,"column":52}},"line":350},"10":{"name":"(anonymous_10)","decl":{"start":{"line":385,"column":41},"end":{"line":385,"column":42}},"loc":{"start":{"line":385,"column":47},"end":{"line":389,"column":15}},"line":385},"11":{"name":"(anonymous_11)","decl":{"start":{"line":401,"column":41},"end":{"line":401,"column":42}},"loc":{"start":{"line":401,"column":47},"end":{"line":401,"column":67}},"line":401}},"branchMap":{"0":{"loc":{"start":{"line":37,"column":19},"end":{"line":37,"column":75}},"type":"cond-expr","locations":[{"start":{"line":37,"column":37},"end":{"line":37,"column":39}},{"start":{"line":37,"column":43},"end":{"line":37,"column":74}}],"line":37},"1":{"loc":{"start":{"line":37,"column":43},"end":{"line":37,"column":74}},"type":"cond-expr","locations":[{"start":{"line":37,"column":67},"end":{"line":37,"column":69}},{"start":{"line":37,"column":72},"end":{"line":37,"column":74}}],"line":37},"2":{"loc":{"start":{"line":45,"column":8},"end":{"line":45,"column":47}},"type":"binary-expr","locations":[{"start":{"line":45,"column":8},"end":{"line":45,"column":17}},{"start":{"line":45,"column":21},"end":{"line":45,"column":47}}],"line":45},"3":{"loc":{"start":{"line":51,"column":15},"end":{"line":51,"column":45}},"type":"cond-expr","locations":[{"start":{"line":51,"column":27},"end":{"line":51,"column":36}},{"start":{"line":51,"column":39},"end":{"line":51,"column":45}}],"line":51},"4":{"loc":{"start":{"line":52,"column":34},"end":{"line":52,"column":69}},"type":"binary-expr","locations":[{"start":{"line":52,"column":34},"end":{"line":52,"column":48}},{"start":{"line":52,"column":52},"end":{"line":52,"column":69}}],"line":52},"5":{"loc":{"start":{"line":59,"column":10},"end":{"line":59,"column":33}},"type":"if","locations":[{"start":{"line":59,"column":10},"end":{"line":59,"column":33}},{"start":{},"end":{}}],"line":59},"6":{"loc":{"start":{"line":63,"column":10},"end":{"line":63,"column":31}},"type":"if","locations":[{"start":{"line":63,"column":10},"end":{"line":63,"column":31}},{"start":{},"end":{}}],"line":63},"7":{"loc":{"start":{"line":95,"column":4},"end":{"line":97,"column":5}},"type":"if","locations":[{"start":{"line":95,"column":4},"end":{"line":97,"column":5}},{"start":{},"end":{}}],"line":95},"8":{"loc":{"start":{"line":113,"column":4},"end":{"line":116,"column":5}},"type":"if","locations":[{"start":{"line":113,"column":4},"end":{"line":116,"column":5}},{"start":{},"end":{}}],"line":113},"9":{"loc":{"start":{"line":118,"column":4},"end":{"line":141,"column":5}},"type":"if","locations":[{"start":{"line":118,"column":4},"end":{"line":141,"column":5}},{"start":{"line":127,"column":11},"end":{"line":141,"column":5}}],"line":118},"10":{"loc":{"start":{"line":119,"column":6},"end":{"line":122,"column":7}},"type":"if","locations":[{"start":{"line":119,"column":6},"end":{"line":122,"column":7}},{"start":{},"end":{}}],"line":119},"11":{"loc":{"start":{"line":124,"column":6},"end":{"line":126,"column":7}},"type":"if","locations":[{"start":{"line":124,"column":6},"end":{"line":126,"column":7}},{"start":{},"end":{}}],"line":124},"12":{"loc":{"start":{"line":128,"column":6},"end":{"line":131,"column":7}},"type":"if","locations":[{"start":{"line":128,"column":6},"end":{"line":131,"column":7}},{"start":{},"end":{}}],"line":128},"13":{"loc":{"start":{"line":132,"column":23},"end":{"line":132,"column":121}},"type":"binary-expr","locations":[{"start":{"line":132,"column":23},"end":{"line":132,"column":43}},{"start":{"line":132,"column":47},"end":{"line":132,"column":69}},{"start":{"line":132,"column":73},"end":{"line":132,"column":95}},{"start":{"line":132,"column":99},"end":{"line":132,"column":121}}],"line":132},"14":{"loc":{"start":{"line":133,"column":6},"end":{"line":136,"column":7}},"type":"if","locations":[{"start":{"line":133,"column":6},"end":{"line":136,"column":7}},{"start":{},"end":{}}],"line":133},"15":{"loc":{"start":{"line":138,"column":6},"end":{"line":140,"column":7}},"type":"if","locations":[{"start":{"line":138,"column":6},"end":{"line":140,"column":7}},{"start":{},"end":{}}],"line":138},"16":{"loc":{"start":{"line":149,"column":4},"end":{"line":152,"column":5}},"type":"if","locations":[{"start":{"line":149,"column":4},"end":{"line":152,"column":5}},{"start":{},"end":{}}],"line":149},"17":{"loc":{"start":{"line":155,"column":4},"end":{"line":160,"column":5}},"type":"if","locations":[{"start":{"line":155,"column":4},"end":{"line":160,"column":5}},{"start":{},"end":{}}],"line":155},"18":{"loc":{"start":{"line":168,"column":4},"end":{"line":171,"column":5}},"type":"if","locations":[{"start":{"line":168,"column":4},"end":{"line":171,"column":5}},{"start":{},"end":{}}],"line":168},"19":{"loc":{"start":{"line":172,"column":4},"end":{"line":175,"column":5}},"type":"if","locations":[{"start":{"line":172,"column":4},"end":{"line":175,"column":5}},{"start":{},"end":{}}],"line":172},"20":{"loc":{"start":{"line":172,"column":8},"end":{"line":172,"column":46}},"type":"binary-expr","locations":[{"start":{"line":172,"column":8},"end":{"line":172,"column":20}},{"start":{"line":172,"column":24},"end":{"line":172,"column":46}}],"line":172},"21":{"loc":{"start":{"line":178,"column":4},"end":{"line":186,"column":5}},"type":"if","locations":[{"start":{"line":178,"column":4},"end":{"line":186,"column":5}},{"start":{},"end":{}}],"line":178},"22":{"loc":{"start":{"line":189,"column":22},"end":{"line":189,"column":45}},"type":"binary-expr","locations":[{"start":{"line":189,"column":22},"end":{"line":189,"column":32}},{"start":{"line":189,"column":36},"end":{"line":189,"column":45}}],"line":189},"23":{"loc":{"start":{"line":208,"column":15},"end":{"line":208,"column":56}},"type":"binary-expr","locations":[{"start":{"line":208,"column":15},"end":{"line":208,"column":25}},{"start":{"line":208,"column":29},"end":{"line":208,"column":56}}],"line":208},"24":{"loc":{"start":{"line":209,"column":15},"end":{"line":209,"column":55}},"type":"binary-expr","locations":[{"start":{"line":209,"column":15},"end":{"line":209,"column":24}},{"start":{"line":209,"column":28},"end":{"line":209,"column":55}}],"line":209},"25":{"loc":{"start":{"line":210,"column":15},"end":{"line":210,"column":119}},"type":"binary-expr","locations":[{"start":{"line":210,"column":15},"end":{"line":210,"column":26}},{"start":{"line":210,"column":30},"end":{"line":210,"column":40}},{"start":{"line":210,"column":45},"end":{"line":210,"column":118}}],"line":210},"26":{"loc":{"start":{"line":210,"column":45},"end":{"line":210,"column":118}},"type":"cond-expr","locations":[{"start":{"line":210,"column":55},"end":{"line":210,"column":84}},{"start":{"line":210,"column":87},"end":{"line":210,"column":118}}],"line":210},"27":{"loc":{"start":{"line":215,"column":11},"end":{"line":220,"column":11}},"type":"binary-expr","locations":[{"start":{"line":215,"column":11},"end":{"line":215,"column":22}},{"start":{"line":216,"column":12},"end":{"line":219,"column":19}}],"line":215},"28":{"loc":{"start":{"line":222,"column":11},"end":{"line":234,"column":11}},"type":"binary-expr","locations":[{"start":{"line":222,"column":11},"end":{"line":222,"column":25}},{"start":{"line":223,"column":12},"end":{"line":233,"column":19}}],"line":222},"29":{"loc":{"start":{"line":227,"column":17},"end":{"line":231,"column":17}},"type":"binary-expr","locations":[{"start":{"line":227,"column":17},"end":{"line":227,"column":24}},{"start":{"line":228,"column":18},"end":{"line":230,"column":25}}],"line":227},"30":{"loc":{"start":{"line":238,"column":13},"end":{"line":246,"column":13}},"type":"binary-expr","locations":[{"start":{"line":238,"column":13},"end":{"line":238,"column":21}},{"start":{"line":238,"column":25},"end":{"line":238,"column":36}},{"start":{"line":238,"column":40},"end":{"line":238,"column":50}},{"start":{"line":239,"column":14},"end":{"line":245,"column":16}}],"line":238},"31":{"loc":{"start":{"line":249,"column":13},"end":{"line":258,"column":13}},"type":"binary-expr","locations":[{"start":{"line":249,"column":13},"end":{"line":249,"column":23}},{"start":{"line":250,"column":14},"end":{"line":257,"column":16}}],"line":249},"32":{"loc":{"start":{"line":261,"column":13},"end":{"line":269,"column":13}},"type":"binary-expr","locations":[{"start":{"line":261,"column":13},"end":{"line":261,"column":24}},{"start":{"line":261,"column":28},"end":{"line":261,"column":38}},{"start":{"line":262,"column":14},"end":{"line":268,"column":16}}],"line":261},"33":{"loc":{"start":{"line":272,"column":13},"end":{"line":320,"column":13}},"type":"binary-expr","locations":[{"start":{"line":272,"column":13},"end":{"line":272,"column":21}},{"start":{"line":272,"column":25},"end":{"line":272,"column":36}},{"start":{"line":272,"column":40},"end":{"line":272,"column":50}},{"start":{"line":273,"column":14},"end":{"line":319,"column":21}}],"line":272},"34":{"loc":{"start":{"line":277,"column":26},"end":{"line":277,"column":76}},"type":"cond-expr","locations":[{"start":{"line":277,"column":49},"end":{"line":277,"column":63}},{"start":{"line":277,"column":66},"end":{"line":277,"column":76}}],"line":277},"35":{"loc":{"start":{"line":279,"column":27},"end":{"line":279,"column":71}},"type":"cond-expr","locations":[{"start":{"line":279,"column":50},"end":{"line":279,"column":59}},{"start":{"line":279,"column":62},"end":{"line":279,"column":71}}],"line":279},"36":{"loc":{"start":{"line":282,"column":56},"end":{"line":282,"column":107}},"type":"binary-expr","locations":[{"start":{"line":282,"column":56},"end":{"line":282,"column":76}},{"start":{"line":282,"column":80},"end":{"line":282,"column":107}}],"line":282},"37":{"loc":{"start":{"line":288,"column":26},"end":{"line":288,"column":78}},"type":"cond-expr","locations":[{"start":{"line":288,"column":51},"end":{"line":288,"column":65}},{"start":{"line":288,"column":68},"end":{"line":288,"column":78}}],"line":288},"38":{"loc":{"start":{"line":290,"column":27},"end":{"line":290,"column":73}},"type":"cond-expr","locations":[{"start":{"line":290,"column":52},"end":{"line":290,"column":61}},{"start":{"line":290,"column":64},"end":{"line":290,"column":73}}],"line":290},"39":{"loc":{"start":{"line":293,"column":56},"end":{"line":293,"column":109}},"type":"binary-expr","locations":[{"start":{"line":293,"column":56},"end":{"line":293,"column":78}},{"start":{"line":293,"column":82},"end":{"line":293,"column":109}}],"line":293},"40":{"loc":{"start":{"line":299,"column":26},"end":{"line":299,"column":78}},"type":"cond-expr","locations":[{"start":{"line":299,"column":51},"end":{"line":299,"column":65}},{"start":{"line":299,"column":68},"end":{"line":299,"column":78}}],"line":299},"41":{"loc":{"start":{"line":301,"column":27},"end":{"line":301,"column":73}},"type":"cond-expr","locations":[{"start":{"line":301,"column":52},"end":{"line":301,"column":61}},{"start":{"line":301,"column":64},"end":{"line":301,"column":73}}],"line":301},"42":{"loc":{"start":{"line":304,"column":56},"end":{"line":304,"column":109}},"type":"binary-expr","locations":[{"start":{"line":304,"column":56},"end":{"line":304,"column":78}},{"start":{"line":304,"column":82},"end":{"line":304,"column":109}}],"line":304},"43":{"loc":{"start":{"line":310,"column":26},"end":{"line":310,"column":78}},"type":"cond-expr","locations":[{"start":{"line":310,"column":51},"end":{"line":310,"column":65}},{"start":{"line":310,"column":68},"end":{"line":310,"column":78}}],"line":310},"44":{"loc":{"start":{"line":312,"column":27},"end":{"line":312,"column":73}},"type":"cond-expr","locations":[{"start":{"line":312,"column":52},"end":{"line":312,"column":61}},{"start":{"line":312,"column":64},"end":{"line":312,"column":73}}],"line":312},"45":{"loc":{"start":{"line":315,"column":56},"end":{"line":315,"column":109}},"type":"binary-expr","locations":[{"start":{"line":315,"column":56},"end":{"line":315,"column":78}},{"start":{"line":315,"column":82},"end":{"line":315,"column":109}}],"line":315},"46":{"loc":{"start":{"line":323,"column":13},"end":{"line":332,"column":13}},"type":"binary-expr","locations":[{"start":{"line":323,"column":13},"end":{"line":323,"column":22}},{"start":{"line":324,"column":14},"end":{"line":331,"column":16}}],"line":323},"47":{"loc":{"start":{"line":335,"column":13},"end":{"line":343,"column":13}},"type":"binary-expr","locations":[{"start":{"line":335,"column":13},"end":{"line":335,"column":22}},{"start":{"line":336,"column":14},"end":{"line":342,"column":16}}],"line":335},"48":{"loc":{"start":{"line":346,"column":13},"end":{"line":355,"column":13}},"type":"binary-expr","locations":[{"start":{"line":346,"column":13},"end":{"line":346,"column":20}},{"start":{"line":346,"column":24},"end":{"line":346,"column":35}},{"start":{"line":346,"column":39},"end":{"line":346,"column":49}},{"start":{"line":347,"column":14},"end":{"line":354,"column":21}}],"line":346},"49":{"loc":{"start":{"line":363,"column":18},"end":{"line":365,"column":28}},"type":"cond-expr","locations":[{"start":{"line":363,"column":31},"end":{"line":363,"column":51}},{"start":{"line":364,"column":18},"end":{"line":365,"column":28}}],"line":363},"50":{"loc":{"start":{"line":364,"column":18},"end":{"line":365,"column":28}},"type":"cond-expr","locations":[{"start":{"line":364,"column":30},"end":{"line":364,"column":49}},{"start":{"line":365,"column":18},"end":{"line":365,"column":28}}],"line":364},"51":{"loc":{"start":{"line":369,"column":17},"end":{"line":377,"column":17}},"type":"cond-expr","locations":[{"start":{"line":370,"column":18},"end":{"line":370,"column":68}},{"start":{"line":372,"column":18},"end":{"line":376,"column":25}}],"line":369},"52":{"loc":{"start":{"line":373,"column":21},"end":{"line":375,"column":61}},"type":"cond-expr","locations":[{"start":{"line":373,"column":34},"end":{"line":373,"column":51}},{"start":{"line":374,"column":21},"end":{"line":375,"column":61}}],"line":373},"53":{"loc":{"start":{"line":374,"column":21},"end":{"line":375,"column":61}},"type":"cond-expr","locations":[{"start":{"line":374,"column":33},"end":{"line":374,"column":50}},{"start":{"line":375,"column":22},"end":{"line":375,"column":60}}],"line":374},"54":{"loc":{"start":{"line":375,"column":22},"end":{"line":375,"column":60}},"type":"cond-expr","locations":[{"start":{"line":375,"column":32},"end":{"line":375,"column":41}},{"start":{"line":375,"column":44},"end":{"line":375,"column":60}}],"line":375},"55":{"loc":{"start":{"line":383,"column":11},"end":{"line":393,"column":11}},"type":"binary-expr","locations":[{"start":{"line":383,"column":12},"end":{"line":383,"column":22}},{"start":{"line":383,"column":26},"end":{"line":383,"column":35}},{"start":{"line":384,"column":12},"end":{"line":392,"column":19}}],"line":383},"56":{"loc":{"start":{"line":396,"column":11},"end":{"line":407,"column":11}},"type":"binary-expr","locations":[{"start":{"line":396,"column":11},"end":{"line":396,"column":22}},{"start":{"line":396,"column":26},"end":{"line":396,"column":36}},{"start":{"line":397,"column":12},"end":{"line":406,"column":19}}],"line":396},"57":{"loc":{"start":{"line":399,"column":17},"end":{"line":399,"column":82}},"type":"cond-expr","locations":[{"start":{"line":399,"column":27},"end":{"line":399,"column":52}},{"start":{"line":399,"column":55},"end":{"line":399,"column":82}}],"line":399},"58":{"loc":{"start":{"line":403,"column":19},"end":{"line":403,"column":50}},"type":"cond-expr","locations":[{"start":{"line":403,"column":29},"end":{"line":403,"column":38}},{"start":{"line":403,"column":41},"end":{"line":403,"column":50}}],"line":403}},"s":{"0":1,"1":161,"2":161,"3":161,"4":161,"5":6,"6":6,"7":1,"8":6,"9":6,"10":1,"11":99,"12":99,"13":99,"14":99,"15":99,"16":99,"17":99,"18":99,"19":99,"20":99,"21":99,"22":99,"23":99,"24":99,"25":21,"26":1,"27":99,"28":44,"29":44,"30":44,"31":44,"32":99,"33":8,"34":8,"35":8,"36":8,"37":1,"38":1,"39":7,"40":3,"41":1,"42":1,"43":2,"44":2,"45":1,"46":4,"47":1,"48":1,"49":3,"50":3,"51":1,"52":1,"53":2,"54":2,"55":1,"56":99,"57":8,"58":8,"59":8,"60":8,"61":1,"62":1,"63":7,"64":7,"65":6,"66":6,"67":6,"68":6,"69":99,"70":5,"71":5,"72":5,"73":5,"74":1,"75":1,"76":4,"77":2,"78":2,"79":2,"80":2,"81":1,"82":1,"83":1,"84":1,"85":1,"86":1,"87":1,"88":99,"89":99,"90":9,"91":1,"92":1,"93":1,"94":6,"95":1},"f":{"0":161,"1":6,"2":6,"3":99,"4":21,"5":44,"6":8,"7":8,"8":5,"9":9,"10":1,"11":6},"b":{"0":[67,94],"1":[60,34],"2":[161,6],"3":[6,155],"4":[161,67],"5":[1,5],"6":[1,5],"7":[1,20],"8":[1,7],"9":[3,4],"10":[1,2],"11":[1,1],"12":[1,3],"13":[3,2,2,2],"14":[1,2],"15":[1,1],"16":[1,7],"17":[6,1],"18":[1,4],"19":[2,2],"20":[4,3],"21":[1,1],"22":[99,90],"23":[99,27],"24":[99,20],"25":[99,72,52],"26":[34,18],"27":[99,30],"28":[99,7],"29":[7,6],"30":[99,18,18,18],"31":[99,79],"32":[99,72,52],"33":[99,18,18,18],"34":[4,14],"35":[4,14],"36":[18,4],"37":[4,14],"38":[4,14],"39":[18,4],"40":[4,14],"41":[4,14],"42":[18,4],"43":[6,12],"44":[6,12],"45":[18,6],"46":[99,20],"47":[99,20],"48":[99,81,54,34],"49":[27,72],"50":[20,52],"51":[1,98],"52":[27,71],"53":[20,51],"54":[33,18],"55":[99,72,47],"56":[99,72,52],"57":[34,18],"58":[34,18]},"_coverageSchema":"1a1c01bbd47fc00a2c39e90264f33305004495a9","hash":"dd734c4df57620ff4565eaa4d64fffef37c6613a"}
,"/Users/kayrabali/Desktop/projects/Motus/src/store/useStore.ts": {"path":"/Users/kayrabali/Desktop/projects/Motus/src/store/useStore.ts","statementMap":{"0":{"start":{"line":6,"column":60},"end":{"line":13,"column":1}},"1":{"start":{"line":16,"column":28},"end":{"line":16,"column":84}},"2":{"start":{"line":36,"column":19},"end":{"line":36,"column":60}},"3":{"start":{"line":37,"column":2},"end":{"line":39,"column":3}},"4":{"start":{"line":38,"column":4},"end":{"line":38,"column":16}},"5":{"start":{"line":40,"column":18},"end":{"line":46,"column":4}},"6":{"start":{"line":47,"column":2},"end":{"line":47,"column":101}},"7":{"start":{"line":101,"column":29},"end":{"line":517,"column":3}},"8":{"start":{"line":101,"column":63},"end":{"line":517,"column":1}},"9":{"start":{"line":123,"column":4},"end":{"line":123,"column":40}},"10":{"start":{"line":124,"column":4},"end":{"line":124,"column":57}},"11":{"start":{"line":128,"column":4},"end":{"line":128,"column":29}},"12":{"start":{"line":129,"column":4},"end":{"line":129,"column":61}},"13":{"start":{"line":133,"column":4},"end":{"line":133,"column":33}},"14":{"start":{"line":134,"column":4},"end":{"line":134,"column":78}},"15":{"start":{"line":138,"column":4},"end":{"line":138,"column":44}},"16":{"start":{"line":139,"column":4},"end":{"line":139,"column":91}},"17":{"start":{"line":143,"column":4},"end":{"line":143,"column":43}},"18":{"start":{"line":144,"column":4},"end":{"line":148,"column":5}},"19":{"start":{"line":145,"column":6},"end":{"line":145,"column":73}},"20":{"start":{"line":147,"column":6},"end":{"line":147,"column":54}},"21":{"start":{"line":152,"column":4},"end":{"line":152,"column":36}},"22":{"start":{"line":156,"column":43},"end":{"line":156,"column":48}},"23":{"start":{"line":157,"column":23},"end":{"line":157,"column":66}},"24":{"start":{"line":158,"column":4},"end":{"line":158,"column":33}},"25":{"start":{"line":163,"column":4},"end":{"line":163,"column":48}},"26":{"start":{"line":164,"column":4},"end":{"line":185,"column":5}},"27":{"start":{"line":165,"column":23},"end":{"line":169,"column":8}},"28":{"start":{"line":170,"column":19},"end":{"line":170,"column":40}},"29":{"start":{"line":171,"column":6},"end":{"line":173,"column":7}},"30":{"start":{"line":172,"column":8},"end":{"line":172,"column":62}},"31":{"start":{"line":175,"column":6},"end":{"line":175,"column":70}},"32":{"start":{"line":176,"column":6},"end":{"line":176,"column":64}},"33":{"start":{"line":177,"column":6},"end":{"line":177,"column":78}},"34":{"start":{"line":180,"column":6},"end":{"line":180,"column":42}},"35":{"start":{"line":181,"column":6},"end":{"line":181,"column":18}},"36":{"start":{"line":183,"column":6},"end":{"line":183,"column":75}},"37":{"start":{"line":184,"column":6},"end":{"line":184,"column":19}},"38":{"start":{"line":189,"column":4},"end":{"line":189,"column":48}},"39":{"start":{"line":190,"column":4},"end":{"line":211,"column":5}},"40":{"start":{"line":191,"column":23},"end":{"line":195,"column":8}},"41":{"start":{"line":196,"column":19},"end":{"line":196,"column":40}},"42":{"start":{"line":197,"column":6},"end":{"line":199,"column":7}},"43":{"start":{"line":198,"column":8},"end":{"line":198,"column":64}},"44":{"start":{"line":201,"column":6},"end":{"line":201,"column":70}},"45":{"start":{"line":202,"column":6},"end":{"line":202,"column":64}},"46":{"start":{"line":203,"column":6},"end":{"line":203,"column":78}},"47":{"start":{"line":206,"column":6},"end":{"line":206,"column":42}},"48":{"start":{"line":207,"column":6},"end":{"line":207,"column":18}},"49":{"start":{"line":209,"column":6},"end":{"line":209,"column":75}},"50":{"start":{"line":210,"column":6},"end":{"line":210,"column":19}},"51":{"start":{"line":215,"column":4},"end":{"line":215,"column":48}},"52":{"start":{"line":216,"column":4},"end":{"line":231,"column":5}},"53":{"start":{"line":217,"column":23},"end":{"line":221,"column":8}},"54":{"start":{"line":222,"column":19},"end":{"line":222,"column":40}},"55":{"start":{"line":223,"column":6},"end":{"line":225,"column":7}},"56":{"start":{"line":224,"column":8},"end":{"line":224,"column":71}},"57":{"start":{"line":226,"column":6},"end":{"line":226,"column":34}},"58":{"start":{"line":227,"column":6},"end":{"line":227,"column":40}},"59":{"start":{"line":229,"column":6},"end":{"line":229,"column":92}},"60":{"start":{"line":230,"column":6},"end":{"line":230,"column":18}},"61":{"start":{"line":235,"column":4},"end":{"line":235,"column":48}},"62":{"start":{"line":236,"column":4},"end":{"line":251,"column":5}},"63":{"start":{"line":237,"column":23},"end":{"line":241,"column":8}},"64":{"start":{"line":242,"column":19},"end":{"line":242,"column":40}},"65":{"start":{"line":243,"column":6},"end":{"line":245,"column":7}},"66":{"start":{"line":244,"column":8},"end":{"line":244,"column":67}},"67":{"start":{"line":246,"column":6},"end":{"line":246,"column":34}},"68":{"start":{"line":247,"column":6},"end":{"line":247,"column":18}},"69":{"start":{"line":249,"column":6},"end":{"line":249,"column":83}},"70":{"start":{"line":250,"column":6},"end":{"line":250,"column":19}},"71":{"start":{"line":255,"column":22},"end":{"line":255,"column":27}},"72":{"start":{"line":256,"column":4},"end":{"line":256,"column":29}},"73":{"start":{"line":256,"column":16},"end":{"line":256,"column":29}},"74":{"start":{"line":257,"column":4},"end":{"line":276,"column":5}},"75":{"start":{"line":258,"column":23},"end":{"line":265,"column":8}},"76":{"start":{"line":266,"column":19},"end":{"line":266,"column":40}},"77":{"start":{"line":267,"column":6},"end":{"line":271,"column":7}},"78":{"start":{"line":268,"column":8},"end":{"line":268,"column":28}},"79":{"start":{"line":269,"column":8},"end":{"line":269,"column":75}},"80":{"start":{"line":270,"column":8},"end":{"line":270,"column":20}},"81":{"start":{"line":272,"column":6},"end":{"line":272,"column":19}},"82":{"start":{"line":274,"column":6},"end":{"line":274,"column":54}},"83":{"start":{"line":275,"column":6},"end":{"line":275,"column":19}},"84":{"start":{"line":280,"column":4},"end":{"line":288,"column":7}},"85":{"start":{"line":289,"column":4},"end":{"line":289,"column":53}},"86":{"start":{"line":290,"column":4},"end":{"line":290,"column":52}},"87":{"start":{"line":291,"column":4},"end":{"line":291,"column":58}},"88":{"start":{"line":292,"column":4},"end":{"line":292,"column":62}},"89":{"start":{"line":293,"column":4},"end":{"line":293,"column":61}},"90":{"start":{"line":294,"column":4},"end":{"line":294,"column":61}},"91":{"start":{"line":295,"column":4},"end":{"line":295,"column":63}},"92":{"start":{"line":299,"column":4},"end":{"line":299,"column":29}},"93":{"start":{"line":304,"column":40},"end":{"line":304,"column":45}},"94":{"start":{"line":307,"column":20},"end":{"line":307,"column":38}},"95":{"start":{"line":308,"column":37},"end":{"line":308,"column":41}},"96":{"start":{"line":309,"column":4},"end":{"line":316,"column":5}},"97":{"start":{"line":310,"column":23},"end":{"line":310,"column":63}},"98":{"start":{"line":311,"column":6},"end":{"line":313,"column":7}},"99":{"start":{"line":312,"column":8},"end":{"line":312,"column":43}},"100":{"start":{"line":315,"column":6},"end":{"line":315,"column":62}},"101":{"start":{"line":318,"column":27},"end":{"line":318,"column":49}},"102":{"start":{"line":320,"column":32},"end":{"line":328,"column":5}},"103":{"start":{"line":330,"column":29},"end":{"line":330,"column":51}},"104":{"start":{"line":331,"column":33},"end":{"line":331,"column":69}},"105":{"start":{"line":332,"column":32},"end":{"line":332,"column":74}},"106":{"start":{"line":333,"column":24},"end":{"line":333,"column":55}},"107":{"start":{"line":336,"column":24},"end":{"line":336,"column":49}},"108":{"start":{"line":337,"column":4},"end":{"line":364,"column":5}},"109":{"start":{"line":338,"column":28},"end":{"line":338,"column":38}},"110":{"start":{"line":339,"column":18},"end":{"line":339,"column":40}},"111":{"start":{"line":340,"column":19},"end":{"line":340,"column":42}},"112":{"start":{"line":341,"column":6},"end":{"line":341,"column":60}},"113":{"start":{"line":342,"column":6},"end":{"line":342,"column":41}},"114":{"start":{"line":344,"column":20},"end":{"line":344,"column":22}},"115":{"start":{"line":345,"column":6},"end":{"line":362,"column":7}},"116":{"start":{"line":345,"column":19},"end":{"line":345,"column":20}},"117":{"start":{"line":346,"column":27},"end":{"line":346,"column":50}},"118":{"start":{"line":347,"column":8},"end":{"line":347,"column":62}},"119":{"start":{"line":349,"column":25},"end":{"line":349,"column":27}},"120":{"start":{"line":350,"column":8},"end":{"line":360,"column":9}},"121":{"start":{"line":350,"column":21},"end":{"line":350,"column":22}},"122":{"start":{"line":351,"column":20},"end":{"line":351,"column":40}},"123":{"start":{"line":352,"column":10},"end":{"line":352,"column":46}},"124":{"start":{"line":353,"column":26},"end":{"line":353,"column":55}},"125":{"start":{"line":354,"column":27},"end":{"line":354,"column":88}},"126":{"start":{"line":355,"column":10},"end":{"line":359,"column":13}},"127":{"start":{"line":361,"column":8},"end":{"line":361,"column":29}},"128":{"start":{"line":363,"column":6},"end":{"line":363,"column":28}},"129":{"start":{"line":367,"column":4},"end":{"line":379,"column":5}},"130":{"start":{"line":368,"column":31},"end":{"line":368,"column":55}},"131":{"start":{"line":369,"column":26},"end":{"line":369,"column":62}},"132":{"start":{"line":370,"column":27},"end":{"line":370,"column":65}},"133":{"start":{"line":371,"column":23},"end":{"line":371,"column":74}},"134":{"start":{"line":371,"column":50},"end":{"line":371,"column":73}},"135":{"start":{"line":372,"column":6},"end":{"line":378,"column":7}},"136":{"start":{"line":373,"column":8},"end":{"line":376,"column":10}},"137":{"start":{"line":377,"column":8},"end":{"line":377,"column":54}},"138":{"start":{"line":382,"column":4},"end":{"line":388,"column":7}},"139":{"start":{"line":391,"column":4},"end":{"line":399,"column":5}},"140":{"start":{"line":392,"column":6},"end":{"line":392,"column":86}},"141":{"start":{"line":393,"column":6},"end":{"line":393,"column":94}},"142":{"start":{"line":394,"column":6},"end":{"line":394,"column":92}},"143":{"start":{"line":395,"column":6},"end":{"line":395,"column":89}},"144":{"start":{"line":396,"column":6},"end":{"line":396,"column":93}},"145":{"start":{"line":398,"column":6},"end":{"line":398,"column":71}},"146":{"start":{"line":402,"column":4},"end":{"line":402,"column":23}},"147":{"start":{"line":402,"column":16},"end":{"line":402,"column":23}},"148":{"start":{"line":404,"column":4},"end":{"line":418,"column":5}},"149":{"start":{"line":405,"column":23},"end":{"line":412,"column":8}},"150":{"start":{"line":413,"column":6},"end":{"line":415,"column":7}},"151":{"start":{"line":414,"column":8},"end":{"line":414,"column":44}},"152":{"start":{"line":417,"column":6},"end":{"line":417,"column":61}},"153":{"start":{"line":422,"column":22},"end":{"line":422,"column":27}},"154":{"start":{"line":423,"column":4},"end":{"line":423,"column":23}},"155":{"start":{"line":423,"column":16},"end":{"line":423,"column":23}},"156":{"start":{"line":425,"column":4},"end":{"line":447,"column":5}},"157":{"start":{"line":426,"column":23},"end":{"line":429,"column":8}},"158":{"start":{"line":430,"column":6},"end":{"line":444,"column":7}},"159":{"start":{"line":431,"column":21},"end":{"line":431,"column":42}},"160":{"start":{"line":432,"column":8},"end":{"line":438,"column":11}},"161":{"start":{"line":439,"column":8},"end":{"line":439,"column":87}},"162":{"start":{"line":440,"column":8},"end":{"line":440,"column":95}},"163":{"start":{"line":441,"column":8},"end":{"line":441,"column":93}},"164":{"start":{"line":442,"column":8},"end":{"line":442,"column":97}},"165":{"start":{"line":443,"column":8},"end":{"line":443,"column":107}},"166":{"start":{"line":446,"column":6},"end":{"line":446,"column":55}},"167":{"start":{"line":451,"column":4},"end":{"line":515,"column":5}},"168":{"start":{"line":452,"column":23},"end":{"line":452,"column":71}},"169":{"start":{"line":453,"column":20},"end":{"line":453,"column":64}},"170":{"start":{"line":454,"column":18},"end":{"line":454,"column":68}},"171":{"start":{"line":455,"column":21},"end":{"line":455,"column":72}},"172":{"start":{"line":457,"column":32},"end":{"line":457,"column":96}},"173":{"start":{"line":459,"column":20},"end":{"line":459,"column":65}},"174":{"start":{"line":460,"column":22},"end":{"line":460,"column":66}},"175":{"start":{"line":461,"column":19},"end":{"line":461,"column":55}},"176":{"start":{"line":463,"column":27},"end":{"line":463,"column":77}},"177":{"start":{"line":464,"column":31},"end":{"line":464,"column":85}},"178":{"start":{"line":465,"column":30},"end":{"line":465,"column":83}},"179":{"start":{"line":466,"column":30},"end":{"line":466,"column":83}},"180":{"start":{"line":467,"column":32},"end":{"line":467,"column":87}},"181":{"start":{"line":469,"column":38},"end":{"line":469,"column":40}},"182":{"start":{"line":470,"column":6},"end":{"line":476,"column":7}},"183":{"start":{"line":471,"column":8},"end":{"line":475,"column":9}},"184":{"start":{"line":472,"column":10},"end":{"line":472,"column":51}},"185":{"start":{"line":474,"column":10},"end":{"line":474,"column":65}},"186":{"start":{"line":478,"column":83},"end":{"line":478,"column":85}},"187":{"start":{"line":479,"column":6},"end":{"line":485,"column":7}},"188":{"start":{"line":480,"column":8},"end":{"line":484,"column":9}},"189":{"start":{"line":481,"column":10},"end":{"line":481,"column":55}},"190":{"start":{"line":483,"column":10},"end":{"line":483,"column":67}},"191":{"start":{"line":487,"column":6},"end":{"line":500,"column":9}},"192":{"start":{"line":502,"column":6},"end":{"line":505,"column":7}},"193":{"start":{"line":504,"column":8},"end":{"line":504,"column":38}},"194":{"start":{"line":507,"column":6},"end":{"line":512,"column":7}},"195":{"start":{"line":508,"column":28},"end":{"line":508,"column":70}},"196":{"start":{"line":509,"column":8},"end":{"line":509,"column":46}},"197":{"start":{"line":511,"column":8},"end":{"line":511,"column":60}},"198":{"start":{"line":514,"column":6},"end":{"line":514,"column":45}}},"fnMap":{"0":{"name":"requestNotificationPermissions","decl":{"start":{"line":35,"column":15},"end":{"line":35,"column":45}},"loc":{"start":{"line":35,"column":48},"end":{"line":48,"column":1}},"line":35},"1":{"name":"(anonymous_1)","decl":{"start":{"line":101,"column":48},"end":{"line":101,"column":49}},"loc":{"start":{"line":101,"column":63},"end":{"line":517,"column":1}},"line":101},"2":{"name":"(anonymous_2)","decl":{"start":{"line":122,"column":15},"end":{"line":122,"column":16}},"loc":{"start":{"line":122,"column":29},"end":{"line":125,"column":3}},"line":122},"3":{"name":"(anonymous_3)","decl":{"start":{"line":127,"column":15},"end":{"line":127,"column":16}},"loc":{"start":{"line":127,"column":26},"end":{"line":130,"column":3}},"line":127},"4":{"name":"(anonymous_4)","decl":{"start":{"line":132,"column":17},"end":{"line":132,"column":18}},"loc":{"start":{"line":132,"column":30},"end":{"line":135,"column":3}},"line":132},"5":{"name":"(anonymous_5)","decl":{"start":{"line":137,"column":28},"end":{"line":137,"column":29}},"loc":{"start":{"line":137,"column":41},"end":{"line":140,"column":3}},"line":137},"6":{"name":"(anonymous_6)","decl":{"start":{"line":142,"column":21},"end":{"line":142,"column":22}},"loc":{"start":{"line":142,"column":36},"end":{"line":149,"column":3}},"line":142},"7":{"name":"(anonymous_7)","decl":{"start":{"line":151,"column":22},"end":{"line":151,"column":23}},"loc":{"start":{"line":151,"column":33},"end":{"line":153,"column":3}},"line":151},"8":{"name":"(anonymous_8)","decl":{"start":{"line":155,"column":20},"end":{"line":155,"column":21}},"loc":{"start":{"line":155,"column":26},"end":{"line":159,"column":3}},"line":155},"9":{"name":"(anonymous_9)","decl":{"start":{"line":162,"column":10},"end":{"line":162,"column":11}},"loc":{"start":{"line":162,"column":43},"end":{"line":186,"column":3}},"line":162},"10":{"name":"(anonymous_10)","decl":{"start":{"line":188,"column":10},"end":{"line":188,"column":11}},"loc":{"start":{"line":188,"column":37},"end":{"line":212,"column":3}},"line":188},"11":{"name":"(anonymous_11)","decl":{"start":{"line":214,"column":20},"end":{"line":214,"column":21}},"loc":{"start":{"line":214,"column":37},"end":{"line":232,"column":3}},"line":214},"12":{"name":"(anonymous_12)","decl":{"start":{"line":234,"column":17},"end":{"line":234,"column":18}},"loc":{"start":{"line":234,"column":53},"end":{"line":252,"column":3}},"line":234},"13":{"name":"(anonymous_13)","decl":{"start":{"line":254,"column":21},"end":{"line":254,"column":22}},"loc":{"start":{"line":254,"column":45},"end":{"line":277,"column":3}},"line":254},"14":{"name":"(anonymous_14)","decl":{"start":{"line":279,"column":11},"end":{"line":279,"column":12}},"loc":{"start":{"line":279,"column":23},"end":{"line":296,"column":3}},"line":279},"15":{"name":"(anonymous_15)","decl":{"start":{"line":298,"column":18},"end":{"line":298,"column":19}},"loc":{"start":{"line":298,"column":24},"end":{"line":300,"column":3}},"line":298},"16":{"name":"(anonymous_16)","decl":{"start":{"line":303,"column":21},"end":{"line":303,"column":22}},"loc":{"start":{"line":303,"column":47},"end":{"line":419,"column":3}},"line":303},"17":{"name":"(anonymous_17)","decl":{"start":{"line":371,"column":45},"end":{"line":371,"column":46}},"loc":{"start":{"line":371,"column":50},"end":{"line":371,"column":73}},"line":371},"18":{"name":"(anonymous_18)","decl":{"start":{"line":421,"column":25},"end":{"line":421,"column":26}},"loc":{"start":{"line":421,"column":37},"end":{"line":448,"column":3}},"line":421},"19":{"name":"(anonymous_19)","decl":{"start":{"line":450,"column":13},"end":{"line":450,"column":14}},"loc":{"start":{"line":450,"column":25},"end":{"line":516,"column":3}},"line":450}},"branchMap":{"0":{"loc":{"start":{"line":37,"column":2},"end":{"line":39,"column":3}},"type":"if","locations":[{"start":{"line":37,"column":2},"end":{"line":39,"column":3}},{"start":{},"end":{}}],"line":37},"1":{"loc":{"start":{"line":37,"column":6},"end":{"line":37,"column":99}},"type":"binary-expr","locations":[{"start":{"line":37,"column":6},"end":{"line":37,"column":22}},{"start":{"line":37,"column":26},"end":{"line":37,"column":99}}],"line":37},"2":{"loc":{"start":{"line":47,"column":9},"end":{"line":47,"column":100}},"type":"binary-expr","locations":[{"start":{"line":47,"column":9},"end":{"line":47,"column":24}},{"start":{"line":47,"column":28},"end":{"line":47,"column":100}}],"line":47},"3":{"loc":{"start":{"line":134,"column":50},"end":{"line":134,"column":76}},"type":"cond-expr","locations":[{"start":{"line":134,"column":60},"end":{"line":134,"column":66}},{"start":{"line":134,"column":69},"end":{"line":134,"column":76}}],"line":134},"4":{"loc":{"start":{"line":139,"column":63},"end":{"line":139,"column":89}},"type":"cond-expr","locations":[{"start":{"line":139,"column":73},"end":{"line":139,"column":79}},{"start":{"line":139,"column":82},"end":{"line":139,"column":89}}],"line":139},"5":{"loc":{"start":{"line":144,"column":4},"end":{"line":148,"column":5}},"type":"if","locations":[{"start":{"line":144,"column":4},"end":{"line":148,"column":5}},{"start":{"line":146,"column":11},"end":{"line":148,"column":5}}],"line":144},"6":{"loc":{"start":{"line":157,"column":23},"end":{"line":157,"column":66}},"type":"binary-expr","locations":[{"start":{"line":157,"column":23},"end":{"line":157,"column":61}},{"start":{"line":157,"column":65},"end":{"line":157,"column":66}}],"line":157},"7":{"loc":{"start":{"line":171,"column":6},"end":{"line":173,"column":7}},"type":"if","locations":[{"start":{"line":171,"column":6},"end":{"line":173,"column":7}},{"start":{},"end":{}}],"line":171},"8":{"loc":{"start":{"line":172,"column":24},"end":{"line":172,"column":60}},"type":"binary-expr","locations":[{"start":{"line":172,"column":24},"end":{"line":172,"column":34}},{"start":{"line":172,"column":38},"end":{"line":172,"column":60}}],"line":172},"9":{"loc":{"start":{"line":183,"column":43},"end":{"line":183,"column":71}},"type":"binary-expr","locations":[{"start":{"line":183,"column":43},"end":{"line":183,"column":52}},{"start":{"line":183,"column":56},"end":{"line":183,"column":71}}],"line":183},"10":{"loc":{"start":{"line":197,"column":6},"end":{"line":199,"column":7}},"type":"if","locations":[{"start":{"line":197,"column":6},"end":{"line":199,"column":7}},{"start":{},"end":{}}],"line":197},"11":{"loc":{"start":{"line":198,"column":24},"end":{"line":198,"column":62}},"type":"binary-expr","locations":[{"start":{"line":198,"column":24},"end":{"line":198,"column":34}},{"start":{"line":198,"column":38},"end":{"line":198,"column":62}}],"line":198},"12":{"loc":{"start":{"line":209,"column":43},"end":{"line":209,"column":71}},"type":"binary-expr","locations":[{"start":{"line":209,"column":43},"end":{"line":209,"column":52}},{"start":{"line":209,"column":56},"end":{"line":209,"column":71}}],"line":209},"13":{"loc":{"start":{"line":223,"column":6},"end":{"line":225,"column":7}},"type":"if","locations":[{"start":{"line":223,"column":6},"end":{"line":225,"column":7}},{"start":{},"end":{}}],"line":223},"14":{"loc":{"start":{"line":224,"column":24},"end":{"line":224,"column":69}},"type":"binary-expr","locations":[{"start":{"line":224,"column":24},"end":{"line":224,"column":34}},{"start":{"line":224,"column":38},"end":{"line":224,"column":69}}],"line":224},"15":{"loc":{"start":{"line":227,"column":13},"end":{"line":227,"column":39}},"type":"binary-expr","locations":[{"start":{"line":227,"column":13},"end":{"line":227,"column":27}},{"start":{"line":227,"column":31},"end":{"line":227,"column":39}}],"line":227},"16":{"loc":{"start":{"line":229,"column":43},"end":{"line":229,"column":88}},"type":"binary-expr","locations":[{"start":{"line":229,"column":43},"end":{"line":229,"column":52}},{"start":{"line":229,"column":56},"end":{"line":229,"column":88}}],"line":229},"17":{"loc":{"start":{"line":243,"column":6},"end":{"line":245,"column":7}},"type":"if","locations":[{"start":{"line":243,"column":6},"end":{"line":245,"column":7}},{"start":{},"end":{}}],"line":243},"18":{"loc":{"start":{"line":244,"column":24},"end":{"line":244,"column":65}},"type":"binary-expr","locations":[{"start":{"line":244,"column":24},"end":{"line":244,"column":34}},{"start":{"line":244,"column":38},"end":{"line":244,"column":65}}],"line":244},"19":{"loc":{"start":{"line":249,"column":43},"end":{"line":249,"column":79}},"type":"binary-expr","locations":[{"start":{"line":249,"column":43},"end":{"line":249,"column":52}},{"start":{"line":249,"column":56},"end":{"line":249,"column":79}}],"line":249},"20":{"loc":{"start":{"line":256,"column":4},"end":{"line":256,"column":29}},"type":"if","locations":[{"start":{"line":256,"column":4},"end":{"line":256,"column":29}},{"start":{},"end":{}}],"line":256},"21":{"loc":{"start":{"line":267,"column":6},"end":{"line":271,"column":7}},"type":"if","locations":[{"start":{"line":267,"column":6},"end":{"line":271,"column":7}},{"start":{},"end":{}}],"line":267},"22":{"loc":{"start":{"line":311,"column":6},"end":{"line":313,"column":7}},"type":"if","locations":[{"start":{"line":311,"column":6},"end":{"line":313,"column":7}},{"start":{},"end":{}}],"line":311},"23":{"loc":{"start":{"line":332,"column":54},"end":{"line":332,"column":73}},"type":"cond-expr","locations":[{"start":{"line":332,"column":68},"end":{"line":332,"column":69}},{"start":{"line":332,"column":72},"end":{"line":332,"column":73}}],"line":332},"24":{"loc":{"start":{"line":337,"column":4},"end":{"line":364,"column":5}},"type":"if","locations":[{"start":{"line":337,"column":4},"end":{"line":364,"column":5}},{"start":{},"end":{}}],"line":337},"25":{"loc":{"start":{"line":340,"column":19},"end":{"line":340,"column":42}},"type":"cond-expr","locations":[{"start":{"line":340,"column":31},"end":{"line":340,"column":32}},{"start":{"line":340,"column":35},"end":{"line":340,"column":42}}],"line":340},"26":{"loc":{"start":{"line":367,"column":4},"end":{"line":379,"column":5}},"type":"if","locations":[{"start":{"line":367,"column":4},"end":{"line":379,"column":5}},{"start":{},"end":{}}],"line":367},"27":{"loc":{"start":{"line":372,"column":6},"end":{"line":378,"column":7}},"type":"if","locations":[{"start":{"line":372,"column":6},"end":{"line":378,"column":7}},{"start":{},"end":{}}],"line":372},"28":{"loc":{"start":{"line":402,"column":4},"end":{"line":402,"column":23}},"type":"if","locations":[{"start":{"line":402,"column":4},"end":{"line":402,"column":23}},{"start":{},"end":{}}],"line":402},"29":{"loc":{"start":{"line":413,"column":6},"end":{"line":415,"column":7}},"type":"if","locations":[{"start":{"line":413,"column":6},"end":{"line":415,"column":7}},{"start":{},"end":{}}],"line":413},"30":{"loc":{"start":{"line":423,"column":4},"end":{"line":423,"column":23}},"type":"if","locations":[{"start":{"line":423,"column":4},"end":{"line":423,"column":23}},{"start":{},"end":{}}],"line":423},"31":{"loc":{"start":{"line":430,"column":6},"end":{"line":444,"column":7}},"type":"if","locations":[{"start":{"line":430,"column":6},"end":{"line":444,"column":7}},{"start":{},"end":{}}],"line":430},"32":{"loc":{"start":{"line":437,"column":26},"end":{"line":437,"column":51}},"type":"binary-expr","locations":[{"start":{"line":437,"column":26},"end":{"line":437,"column":45}},{"start":{"line":437,"column":49},"end":{"line":437,"column":51}}],"line":437},"33":{"loc":{"start":{"line":443,"column":79},"end":{"line":443,"column":104}},"type":"binary-expr","locations":[{"start":{"line":443,"column":79},"end":{"line":443,"column":98}},{"start":{"line":443,"column":102},"end":{"line":443,"column":104}}],"line":443},"34":{"loc":{"start":{"line":461,"column":19},"end":{"line":461,"column":55}},"type":"cond-expr","locations":[{"start":{"line":461,"column":29},"end":{"line":461,"column":48}},{"start":{"line":461,"column":51},"end":{"line":461,"column":55}}],"line":461},"35":{"loc":{"start":{"line":470,"column":6},"end":{"line":476,"column":7}},"type":"if","locations":[{"start":{"line":470,"column":6},"end":{"line":476,"column":7}},{"start":{},"end":{}}],"line":470},"36":{"loc":{"start":{"line":479,"column":6},"end":{"line":485,"column":7}},"type":"if","locations":[{"start":{"line":479,"column":6},"end":{"line":485,"column":7}},{"start":{},"end":{}}],"line":479},"37":{"loc":{"start":{"line":488,"column":26},"end":{"line":488,"column":47}},"type":"binary-expr","locations":[{"start":{"line":488,"column":26},"end":{"line":488,"column":34}},{"start":{"line":488,"column":38},"end":{"line":488,"column":47}}],"line":488},"38":{"loc":{"start":{"line":489,"column":18},"end":{"line":489,"column":50}},"type":"cond-expr","locations":[{"start":{"line":489,"column":26},"end":{"line":489,"column":45}},{"start":{"line":489,"column":48},"end":{"line":489,"column":50}}],"line":489},"39":{"loc":{"start":{"line":491,"column":28},"end":{"line":491,"column":58}},"type":"cond-expr","locations":[{"start":{"line":491,"column":34},"end":{"line":491,"column":51}},{"start":{"line":491,"column":54},"end":{"line":491,"column":58}}],"line":491},"40":{"loc":{"start":{"line":495,"column":19},"end":{"line":495,"column":64}},"type":"cond-expr","locations":[{"start":{"line":495,"column":34},"end":{"line":495,"column":60}},{"start":{"line":495,"column":63},"end":{"line":495,"column":64}}],"line":495},"41":{"loc":{"start":{"line":496,"column":23},"end":{"line":496,"column":76}},"type":"cond-expr","locations":[{"start":{"line":496,"column":42},"end":{"line":496,"column":72}},{"start":{"line":496,"column":75},"end":{"line":496,"column":76}}],"line":496},"42":{"loc":{"start":{"line":497,"column":22},"end":{"line":497,"column":73}},"type":"cond-expr","locations":[{"start":{"line":497,"column":40},"end":{"line":497,"column":69}},{"start":{"line":497,"column":72},"end":{"line":497,"column":73}}],"line":497},"43":{"loc":{"start":{"line":502,"column":6},"end":{"line":505,"column":7}},"type":"if","locations":[{"start":{"line":502,"column":6},"end":{"line":505,"column":7}},{"start":{},"end":{}}],"line":502}},"s":{"0":1,"1":1,"2":0,"3":0,"4":0,"5":0,"6":0,"7":1,"8":1,"9":1,"10":1,"11":1,"12":1,"13":2,"14":2,"15":0,"16":0,"17":2,"18":2,"19":1,"20":1,"21":1,"22":8,"23":8,"24":8,"25":5,"26":5,"27":5,"28":3,"29":3,"30":2,"31":1,"32":1,"33":1,"34":1,"35":1,"36":4,"37":4,"38":5,"39":5,"40":5,"41":3,"42":3,"43":2,"44":1,"45":1,"46":1,"47":1,"48":1,"49":4,"50":4,"51":6,"52":6,"53":6,"54":4,"55":4,"56":2,"57":2,"58":2,"59":4,"60":4,"61":5,"62":5,"63":5,"64":3,"65":3,"66":2,"67":1,"68":1,"69":4,"70":4,"71":4,"72":4,"73":1,"74":3,"75":3,"76":2,"77":2,"78":1,"79":1,"80":1,"81":1,"82":1,"83":1,"84":1,"85":1,"86":1,"87":1,"88":1,"89":1,"90":1,"91":1,"92":1,"93":4,"94":4,"95":4,"96":4,"97":4,"98":4,"99":0,"100":0,"101":4,"102":4,"103":4,"104":4,"105":4,"106":4,"107":4,"108":4,"109":3,"110":3,"111":3,"112":3,"113":3,"114":3,"115":3,"116":3,"117":9,"118":9,"119":9,"120":9,"121":9,"122":63,"123":63,"124":63,"125":63,"126":63,"127":9,"128":3,"129":4,"130":4,"131":4,"132":4,"133":4,"134":28,"135":4,"136":4,"137":4,"138":4,"139":4,"140":4,"141":4,"142":4,"143":4,"144":4,"145":0,"146":4,"147":1,"148":3,"149":3,"150":2,"151":1,"152":1,"153":7,"154":7,"155":1,"156":6,"157":6,"158":5,"159":4,"160":4,"161":4,"162":4,"163":4,"164":4,"165":4,"166":1,"167":4,"168":4,"169":3,"170":3,"171":3,"172":3,"173":3,"174":3,"175":3,"176":3,"177":3,"178":3,"179":3,"180":3,"181":3,"182":3,"183":1,"184":1,"185":0,"186":3,"187":3,"188":1,"189":1,"190":0,"191":3,"192":3,"193":0,"194":3,"195":3,"196":2,"197":1,"198":1},"f":{"0":0,"1":1,"2":1,"3":1,"4":2,"5":0,"6":2,"7":1,"8":8,"9":5,"10":5,"11":6,"12":5,"13":4,"14":1,"15":1,"16":4,"17":28,"18":7,"19":4},"b":{"0":[0,0],"1":[0,0],"2":[0,0],"3":[1,1],"4":[0,0],"5":[1,1],"6":[8,1],"7":[2,1],"8":[2,1],"9":[4,1],"10":[2,1],"11":[2,1],"12":[4,1],"13":[2,2],"14":[2,1],"15":[2,1],"16":[4,1],"17":[2,1],"18":[2,1],"19":[4,1],"20":[1,3],"21":[1,1],"22":[0,4],"23":[0,4],"24":[3,1],"25":[3,0],"26":[4,0],"27":[4,0],"28":[1,3],"29":[1,1],"30":[1,6],"31":[4,1],"32":[4,3],"33":[4,3],"34":[1,2],"35":[1,2],"36":[1,2],"37":[3,2],"38":[1,2],"39":[1,2],"40":[1,2],"41":[1,2],"42":[1,2],"43":[0,3]},"_coverageSchema":"1a1c01bbd47fc00a2c39e90264f33305004495a9","hash":"8f8e424cb97ab1c0983d26201af097eccac4b3aa"}
}
