TN:
SF:src/app/auth.tsx
FN:34,AuthInput
FN:57,(anonymous_1)
FN:61,(anonymous_2)
FN:73,AuthScreen
FN:93,(anonymous_4)
FN:100,(anonymous_5)
FN:108,(anonymous_6)
FN:144,(anonymous_7)
FN:163,(anonymous_8)
FN:350,(anonymous_9)
FN:385,(anonymous_10)
FN:401,(anonymous_11)
FNF:12
FNH:12
FNDA:161,AuthInput
FNDA:6,(anonymous_1)
FNDA:6,(anonymous_2)
FNDA:99,AuthScreen
FNDA:21,(anonymous_4)
FNDA:44,(anonymous_5)
FNDA:8,(anonymous_6)
FNDA:8,(anonymous_7)
FNDA:5,(anonymous_8)
FNDA:9,(anonymous_9)
FNDA:1,(anonymous_10)
FNDA:6,(anonymous_11)
DA:19,1
DA:35,161
DA:37,161
DA:38,161
DA:40,161
DA:58,6
DA:59,6
DA:62,6
DA:63,6
DA:74,99
DA:75,99
DA:77,99
DA:78,99
DA:79,99
DA:82,99
DA:83,99
DA:84,99
DA:85,99
DA:86,99
DA:89,99
DA:90,99
DA:91,99
DA:93,99
DA:95,21
DA:96,1
DA:100,99
DA:102,44
DA:103,44
DA:104,44
DA:105,44
DA:108,99
DA:109,8
DA:110,8
DA:111,8
DA:113,8
DA:114,1
DA:115,1
DA:118,7
DA:119,3
DA:120,1
DA:121,1
DA:123,2
DA:124,2
DA:125,1
DA:128,4
DA:129,1
DA:130,1
DA:132,3
DA:133,3
DA:134,1
DA:135,1
DA:137,2
DA:138,2
DA:139,1
DA:144,99
DA:145,8
DA:146,8
DA:147,8
DA:149,8
DA:150,1
DA:151,1
DA:154,7
DA:155,7
DA:156,6
DA:157,6
DA:158,6
DA:159,6
DA:163,99
DA:164,5
DA:165,5
DA:166,5
DA:168,5
DA:169,1
DA:170,1
DA:172,4
DA:173,2
DA:174,2
DA:177,2
DA:178,2
DA:179,1
DA:180,1
DA:181,1
DA:182,1
DA:183,1
DA:184,1
DA:185,1
DA:189,99
DA:191,99
DA:350,9
DA:386,1
DA:387,1
DA:388,1
DA:401,6
DA:414,1
LF:94
LH:94
BRDA:37,0,0,67
BRDA:37,0,1,94
BRDA:37,1,0,60
BRDA:37,1,1,34
BRDA:45,2,0,161
BRDA:45,2,1,6
BRDA:51,3,0,6
BRDA:51,3,1,155
BRDA:52,4,0,161
BRDA:52,4,1,67
BRDA:59,5,0,1
BRDA:59,5,1,5
BRDA:63,6,0,1
BRDA:63,6,1,5
BRDA:95,7,0,1
BRDA:95,7,1,20
BRDA:113,8,0,1
BRDA:113,8,1,7
BRDA:118,9,0,3
BRDA:118,9,1,4
BRDA:119,10,0,1
BRDA:119,10,1,2
BRDA:124,11,0,1
BRDA:124,11,1,1
BRDA:128,12,0,1
BRDA:128,12,1,3
BRDA:132,13,0,3
BRDA:132,13,1,2
BRDA:132,13,2,2
BRDA:132,13,3,2
BRDA:133,14,0,1
BRDA:133,14,1,2
BRDA:138,15,0,1
BRDA:138,15,1,1
BRDA:149,16,0,1
BRDA:149,16,1,7
BRDA:155,17,0,6
BRDA:155,17,1,1
BRDA:168,18,0,1
BRDA:168,18,1,4
BRDA:172,19,0,2
BRDA:172,19,1,2
BRDA:172,20,0,4
BRDA:172,20,1,3
BRDA:178,21,0,1
BRDA:178,21,1,1
BRDA:189,22,0,99
BRDA:189,22,1,90
BRDA:208,23,0,99
BRDA:208,23,1,27
BRDA:209,24,0,99
BRDA:209,24,1,20
BRDA:210,25,0,99
BRDA:210,25,1,72
BRDA:210,25,2,52
BRDA:210,26,0,34
BRDA:210,26,1,18
BRDA:215,27,0,99
BRDA:215,27,1,30
BRDA:222,28,0,99
BRDA:222,28,1,7
BRDA:227,29,0,7
BRDA:227,29,1,6
BRDA:238,30,0,99
BRDA:238,30,1,18
BRDA:238,30,2,18
BRDA:238,30,3,18
BRDA:249,31,0,99
BRDA:249,31,1,79
BRDA:261,32,0,99
BRDA:261,32,1,72
BRDA:261,32,2,52
BRDA:272,33,0,99
BRDA:272,33,1,18
BRDA:272,33,2,18
BRDA:272,33,3,18
BRDA:277,34,0,4
BRDA:277,34,1,14
BRDA:279,35,0,4
BRDA:279,35,1,14
BRDA:282,36,0,18
BRDA:282,36,1,4
BRDA:288,37,0,4
BRDA:288,37,1,14
BRDA:290,38,0,4
BRDA:290,38,1,14
BRDA:293,39,0,18
BRDA:293,39,1,4
BRDA:299,40,0,4
BRDA:299,40,1,14
BRDA:301,41,0,4
BRDA:301,41,1,14
BRDA:304,42,0,18
BRDA:304,42,1,4
BRDA:310,43,0,6
BRDA:310,43,1,12
BRDA:312,44,0,6
BRDA:312,44,1,12
BRDA:315,45,0,18
BRDA:315,45,1,6
BRDA:323,46,0,99
BRDA:323,46,1,20
BRDA:335,47,0,99
BRDA:335,47,1,20
BRDA:346,48,0,99
BRDA:346,48,1,81
BRDA:346,48,2,54
BRDA:346,48,3,34
BRDA:363,49,0,27
BRDA:363,49,1,72
BRDA:364,50,0,20
BRDA:364,50,1,52
BRDA:369,51,0,1
BRDA:369,51,1,98
BRDA:373,52,0,27
BRDA:373,52,1,71
BRDA:374,53,0,20
BRDA:374,53,1,51
BRDA:375,54,0,33
BRDA:375,54,1,18
BRDA:383,55,0,99
BRDA:383,55,1,72
BRDA:383,55,2,47
BRDA:396,56,0,99
BRDA:396,56,1,72
BRDA:396,56,2,52
BRDA:399,57,0,34
BRDA:399,57,1,18
BRDA:403,58,0,34
BRDA:403,58,1,18
BRF:130
BRH:130
end_of_record
TN:
SF:src/store/useStore.ts
FN:35,requestNotificationPermissions
FN:101,(anonymous_1)
FN:122,(anonymous_2)
FN:127,(anonymous_3)
FN:132,(anonymous_4)
FN:137,(anonymous_5)
FN:142,(anonymous_6)
FN:151,(anonymous_7)
FN:155,(anonymous_8)
FN:162,(anonymous_9)
FN:188,(anonymous_10)
FN:214,(anonymous_11)
FN:234,(anonymous_12)
FN:254,(anonymous_13)
FN:279,(anonymous_14)
FN:298,(anonymous_15)
FN:303,(anonymous_16)
FN:380,(anonymous_17)
FN:430,(anonymous_18)
FN:463,(anonymous_19)
FNF:20
FNH:18
FNDA:0,requestNotificationPermissions
FNDA:1,(anonymous_1)
FNDA:1,(anonymous_2)
FNDA:1,(anonymous_3)
FNDA:2,(anonymous_4)
FNDA:0,(anonymous_5)
FNDA:2,(anonymous_6)
FNDA:1,(anonymous_7)
FNDA:8,(anonymous_8)
FNDA:5,(anonymous_9)
FNDA:5,(anonymous_10)
FNDA:6,(anonymous_11)
FNDA:5,(anonymous_12)
FNDA:4,(anonymous_13)
FNDA:1,(anonymous_14)
FNDA:1,(anonymous_15)
FNDA:4,(anonymous_16)
FNDA:28,(anonymous_17)
FNDA:7,(anonymous_18)
FNDA:4,(anonymous_19)
DA:6,1
DA:16,1
DA:36,0
DA:37,0
DA:38,0
DA:40,0
DA:47,0
DA:101,1
DA:123,1
DA:124,1
DA:128,1
DA:129,1
DA:133,2
DA:134,2
DA:138,0
DA:139,0
DA:143,2
DA:144,2
DA:145,1
DA:147,1
DA:152,1
DA:156,8
DA:157,8
DA:158,8
DA:163,5
DA:164,5
DA:165,5
DA:170,3
DA:171,3
DA:172,2
DA:175,1
DA:176,1
DA:177,1
DA:180,1
DA:181,1
DA:183,4
DA:184,4
DA:189,5
DA:190,5
DA:191,5
DA:196,3
DA:197,3
DA:198,2
DA:201,1
DA:202,1
DA:203,1
DA:206,1
DA:207,1
DA:209,4
DA:210,4
DA:215,6
DA:216,6
DA:217,6
DA:222,4
DA:223,4
DA:224,2
DA:226,2
DA:227,2
DA:229,4
DA:230,4
DA:235,5
DA:236,5
DA:237,5
DA:242,3
DA:243,3
DA:244,2
DA:246,1
DA:247,1
DA:249,4
DA:250,4
DA:255,4
DA:256,4
DA:257,3
DA:258,3
DA:266,2
DA:267,2
DA:268,1
DA:269,1
DA:270,1
DA:272,1
DA:274,1
DA:275,1
DA:280,1
DA:289,1
DA:290,1
DA:291,1
DA:292,1
DA:293,1
DA:294,1
DA:295,1
DA:299,1
DA:304,4
DA:307,4
DA:308,4
DA:309,4
DA:310,4
DA:311,4
DA:312,0
DA:315,0
DA:318,4
DA:326,4
DA:327,4
DA:329,4
DA:339,4
DA:340,4
DA:341,4
DA:342,4
DA:345,4
DA:346,4
DA:347,3
DA:348,3
DA:349,3
DA:350,3
DA:351,3
DA:353,3
DA:354,3
DA:355,9
DA:356,9
DA:358,9
DA:359,9
DA:360,63
DA:361,63
DA:362,63
DA:363,63
DA:364,63
DA:370,9
DA:372,3
DA:376,4
DA:377,4
DA:378,4
DA:379,4
DA:380,28
DA:381,4
DA:382,4
DA:386,4
DA:391,4
DA:400,4
DA:401,4
DA:402,4
DA:403,4
DA:404,4
DA:405,4
DA:407,0
DA:411,4
DA:413,3
DA:414,3
DA:422,2
DA:423,1
DA:426,1
DA:431,7
DA:432,7
DA:434,6
DA:435,6
DA:436,6
DA:437,6
DA:439,6
DA:443,5
DA:444,4
DA:445,4
DA:452,4
DA:453,4
DA:454,4
DA:455,4
DA:456,4
DA:459,1
DA:464,4
DA:465,4
DA:466,3
DA:467,3
DA:468,3
DA:470,3
DA:472,3
DA:473,3
DA:474,3
DA:476,3
DA:477,3
DA:478,3
DA:479,3
DA:480,3
DA:482,3
DA:483,3
DA:484,1
DA:485,1
DA:487,0
DA:491,3
DA:492,3
DA:493,1
DA:494,1
DA:496,0
DA:500,3
DA:515,3
DA:517,0
DA:520,3
DA:521,3
DA:522,2
DA:524,1
DA:527,1
LF:197
LH:184
BRDA:37,0,0,0
BRDA:37,0,1,0
BRDA:37,1,0,0
BRDA:37,1,1,0
BRDA:47,2,0,0
BRDA:47,2,1,0
BRDA:134,3,0,1
BRDA:134,3,1,1
BRDA:139,4,0,0
BRDA:139,4,1,0
BRDA:144,5,0,1
BRDA:144,5,1,1
BRDA:157,6,0,8
BRDA:157,6,1,1
BRDA:171,7,0,2
BRDA:171,7,1,1
BRDA:172,8,0,2
BRDA:172,8,1,1
BRDA:183,9,0,4
BRDA:183,9,1,1
BRDA:197,10,0,2
BRDA:197,10,1,1
BRDA:198,11,0,2
BRDA:198,11,1,1
BRDA:209,12,0,4
BRDA:209,12,1,1
BRDA:223,13,0,2
BRDA:223,13,1,2
BRDA:224,14,0,2
BRDA:224,14,1,1
BRDA:227,15,0,2
BRDA:227,15,1,1
BRDA:229,16,0,4
BRDA:229,16,1,1
BRDA:243,17,0,2
BRDA:243,17,1,1
BRDA:244,18,0,2
BRDA:244,18,1,1
BRDA:249,19,0,4
BRDA:249,19,1,1
BRDA:256,20,0,1
BRDA:256,20,1,3
BRDA:267,21,0,1
BRDA:267,21,1,1
BRDA:311,22,0,0
BRDA:311,22,1,4
BRDA:326,23,0,4
BRDA:326,23,1,0
BRDA:341,24,0,0
BRDA:341,24,1,4
BRDA:346,25,0,3
BRDA:346,25,1,1
BRDA:349,26,0,3
BRDA:349,26,1,0
BRDA:376,27,0,4
BRDA:376,27,1,0
BRDA:381,28,0,4
BRDA:381,28,1,0
BRDA:411,29,0,1
BRDA:411,29,1,3
BRDA:422,30,0,1
BRDA:422,30,1,1
BRDA:432,31,0,1
BRDA:432,31,1,6
BRDA:443,32,0,4
BRDA:443,32,1,1
BRDA:450,33,0,4
BRDA:450,33,1,3
BRDA:456,34,0,4
BRDA:456,34,1,3
BRDA:474,35,0,1
BRDA:474,35,1,2
BRDA:483,36,0,1
BRDA:483,36,1,2
BRDA:492,37,0,1
BRDA:492,37,1,2
BRDA:501,38,0,3
BRDA:501,38,1,2
BRDA:502,39,0,1
BRDA:502,39,1,2
BRDA:504,40,0,1
BRDA:504,40,1,2
BRDA:508,41,0,1
BRDA:508,41,1,2
BRDA:509,42,0,1
BRDA:509,42,1,2
BRDA:510,43,0,1
BRDA:510,43,1,2
BRDA:515,44,0,0
BRDA:515,44,1,3
BRF:90
BRH:75
end_of_record
